{"name":"1727988131","hostname":"MARIOs-MacBook-Air.local","pid":4834,"level":20,"msg":"Sync server version: 1.3.8 2022-02-25 10:58:11 -0600 50659ecda06a8b79a41f24c1fdff05187324402b","time":"2024-10-03T20:42:10.800Z","v":0}
{"name":"1727988131","hostname":"MARIOs-MacBook-Air.local","pid":4834,"level":30,"msg":"Acquiring actors for session 1727988131: ACTOR1","time":"2024-10-03T20:42:10.805Z","v":0}
{"name":"1727988131","hostname":"MARIOs-MacBook-Air.local","pid":4834,"level":30,"msg":"Session 1727988131 with label \"web 7\" started at 2024-10-03 20:42:10 UTC","time":"2024-10-03T20:42:10.828Z","v":0}
{"name":"1727988131","hostname":"MARIOs-MacBook-Air.local","pid":4834,"level":30,"actorType":"ACTOR1","actorId":"32799","time":"2024-10-03T20:42:12.537Z","msg":"Actor 32799 of type ACTOR1 was acquired by test session 1727988131","v":0}
{"name":"1727988131","hostname":"MARIOs-MacBook-Air.local","pid":4834,"level":20,"actorType":"ACTOR1","actorId":"32799","time":"2024-10-03T20:42:12.543Z","msg":"DEBUG: Test actor JAR versions:","v":0}
{"name":"1727988131","hostname":"MARIOs-MacBook-Air.local","pid":4834,"level":20,"actorType":"ACTOR1","actorId":"32799","time":"2024-10-03T20:42:12.544Z","msg":"DEBUG:   opentest-appium-0.0.1.jar: 2022-02-25 10:58 -0600 0.0.1-50659ecda06a8b79a41f24c1fdff05187324402b-dirty","v":0}
{"name":"1727988131","hostname":"MARIOs-MacBook-Air.local","pid":4834,"level":20,"actorType":"ACTOR1","actorId":"32799","time":"2024-10-03T20:42:12.545Z","msg":"DEBUG:   opentest-base-0.0.1.jar: 2022-02-25 10:58 -0600 0.0.1-50659ecda06a8b79a41f24c1fdff05187324402b-dirty","v":0}
{"name":"1727988131","hostname":"MARIOs-MacBook-Air.local","pid":4834,"level":20,"actorType":"ACTOR1","actorId":"32799","time":"2024-10-03T20:42:12.545Z","msg":"DEBUG:   opentest-selenium-0.0.1.jar: 2022-02-25 10:58 -0600 0.0.1-50659ecda06a8b79a41f24c1fdff05187324402b-dirty","v":0}
{"name":"1727988131","hostname":"MARIOs-MacBook-Air.local","pid":4834,"level":40,"actorType":"ACTOR1","actorId":"32799","time":"2024-10-03T20:42:12.546Z","msg":"WARN: Failed to log extension JARs","v":0}
{"name":"1727988131","hostname":"MARIOs-MacBook-Air.local","pid":4834,"level":10,"actorType":"ACTOR1","actorId":"32799","time":"2024-10-03T20:42:12.546Z","msg":"TRACE: Firing SESSION_STARTED event...","v":0}
{"name":"1727988131","hostname":"MARIOs-MacBook-Air.local","pid":4834,"level":30,"actorType":"ACTOR1","actorId":"32799","time":"2024-10-03T20:42:12.637Z","msg":"==================== ACTOR1: web/Find the React repo on GitHub's website ====================","v":0}
{"name":"1727988131","hostname":"MARIOs-MacBook-Air.local","pid":4834,"level":30,"actorType":"ACTOR1","actorId":"32799","time":"2024-10-03T20:42:12.637Z","msg":"Actor ACTOR1 started executing test web/Find the React repo on GitHub's website...","v":0}
{"name":"1727988131","hostname":"MARIOs-MacBook-Air.local","pid":4834,"level":10,"actorType":"ACTOR1","actorId":"32799","time":"2024-10-03T20:42:12.637Z","msg":"TRACE: Firing TEST_STARTED event...","v":0}
{"name":"1727988131","hostname":"MARIOs-MacBook-Air.local","pid":4834,"level":30,"actorType":"ACTOR1","actorId":"32799","time":"2024-10-03T20:42:12.704Z","msg":"Executing segment 1 of test web/Find the React repo on GitHub's website...","v":0}
{"name":"1727988131","hostname":"MARIOs-MacBook-Air.local","pid":4834,"level":30,"actorType":"ACTOR1","actorId":"32799","time":"2024-10-03T20:42:12.705Z","msg":"Evaluating action 1/4 (org.getopentest.selenium.NavigateTo) in segment 1 (Navigate to the GitHub homepage)...","v":0}
{"name":"1727988131","hostname":"MARIOs-MacBook-Air.local","pid":4834,"level":10,"actorType":"ACTOR1","actorId":"32799","time":"2024-10-03T20:42:12.705Z","msg":"TRACE: Initializing action org.getopentest.selenium.NavigateTo...","v":0}
{"name":"1727988131","hostname":"MARIOs-MacBook-Air.local","pid":4834,"level":30,"actorType":"ACTOR1","actorId":"32799","time":"2024-10-03T20:42:12.705Z","msg":"Using local Selenium server","v":0}
{"name":"1727988131","hostname":"MARIOs-MacBook-Air.local","pid":4834,"level":50,"actorType":"ACTOR1","actorId":"32799","time":"2024-10-03T20:42:12.743Z","msg":"ERROR: java.lang.Exception: Failed executing test web/Find the React repo on GitHub's website, segment 1\n\tat org.getopentest.base.TestActor.executeTestSegment(TestActor.java:2208)\n\tat org.getopentest.base.TestActor.runOneSession(TestActor.java:3077)\n\tat org.getopentest.base.TestActor.runOneSession(TestActor.java:3113)\n\tat org.getopentest.Main.main(Main.java:20)\nCaused by: java.lang.RuntimeException: There was an error while executing action no. 1 (org.getopentest.selenium.NavigateTo) in segment 1 of test web/Find the React repo on GitHub's website.\nThe action definition was:\n{\n  \"action\": \"org.getopentest.selenium.NavigateTo\",\n  \"args\": {\n    \"url\": \"https://github.com/\"\n  },\n  \"description\": \"Navigate to the GitHub homepage\"\n}\n\tat org.getopentest.base.TestActor.executeTestSegment(TestActor.java:2142)\n\t... 3 more\nCaused by: java.lang.RuntimeException: Failed executing action org.getopentest.selenium.NavigateTo with arguments {\"url\":\"https://github.com/\"}\n\tat org.getopentest.base.TestActor.executeActionByDef(TestActor.java:1872)\n\tat org.getopentest.base.TestActor.executeTestSegment(TestActor.java:2092)\n\t... 3 more\nCaused by: java.lang.RuntimeException: java.lang.RuntimeException: Failed to find the Selenium driver executable for browser \"chrome\". File \"Macintosh HD/Users/mario/Desktop/PROYECTO/chromedriver/chromedriver.exe\" does not exist. You can provide the correct path to the driver in the test actor's configuration file.\n\tat org.getopentest.base.TestActor.executeActionByClassName(TestActor.java:1670)\n\tat org.getopentest.base.TestActor.executeActionByDef(TestActor.java:1749)\n\t... 4 more\nCaused by: java.lang.RuntimeException: Failed to find the Selenium driver executable for browser \"chrome\". File \"Macintosh HD/Users/mario/Desktop/PROYECTO/chromedriver/chromedriver.exe\" does not exist. You can provide the correct path to the driver in the test actor's configuration file.\n\tat org.getopentest.selenium.core.SeleniumHelper.setDriverExecutable(SeleniumHelper.java:306)\n\tat org.getopentest.selenium.core.SeleniumHelper.createDriver(SeleniumHelper.java:67)\n\tat org.getopentest.selenium.core.SeleniumHelper.getDriver(SeleniumHelper.java:237)\n\tat org.getopentest.selenium.core.SeleniumTestAction.initialize(SeleniumTestAction.java:203)\n\tat org.getopentest.base.TestActor.executeAction(TestActor.java:1553)\n\tat org.getopentest.base.TestActor.executeActionByClassName(TestActor.java:1647)\n\t... 5 more\n","v":0}
{"name":"1727988131","hostname":"MARIOs-MacBook-Air.local","pid":4834,"level":30,"actorType":"ACTOR1","actorId":"32799","time":"2024-10-03T20:42:13.264Z","msg":"Test session has completed","v":0}
{"name":"1727988131","hostname":"MARIOs-MacBook-Air.local","pid":4834,"level":10,"actorType":"ACTOR1","actorId":"32799","time":"2024-10-03T20:42:13.265Z","msg":"TRACE: Firing TEST_COMPLETED event...","v":0}
{"name":"1727988131","hostname":"MARIOs-MacBook-Air.local","pid":4834,"level":30,"actorType":"ACTOR1","actorId":"32799","time":"2024-10-03T20:42:13.265Z","msg":"Using local Selenium server","v":0}
{"name":"1727988131","hostname":"MARIOs-MacBook-Air.local","pid":4834,"level":50,"actorType":"ACTOR1","actorId":"32799","time":"2024-10-03T20:42:13.267Z","msg":"ERROR: The \"runOneSession\" method failed","v":0}
{"name":"1727988131","hostname":"MARIOs-MacBook-Air.local","pid":4834,"level":50,"actorType":"ACTOR1","actorId":"32799","time":"2024-10-03T20:42:13.268Z","msg":"ERROR: java.lang.NullPointerException\n\tat org.getopentest.selenium.core.SeleniumTestAction$1.update(SeleniumTestAction.java:190)\n\tat java.util.Observable.notifyObservers(Observable.java:159)\n\tat org.getopentest.base.TestActor.runOneSession(TestActor.java:3102)\n\tat org.getopentest.base.TestActor.runOneSession(TestActor.java:3113)\n\tat org.getopentest.Main.main(Main.java:20)\n","v":0}
{"name":"1727988131","hostname":"MARIOs-MacBook-Air.local","pid":4834,"level":30,"actorType":"ACTOR1","actorId":"32799","time":"2024-10-03T20:42:13.269Z","msg":"Actor 32799 of type ACTOR1 with no tags is waiting to be acquired by a test session...","v":0}
