{"name":"1727999124","hostname":"MARIOs-MacBook-Air.local","pid":7974,"level":20,"msg":"Sync server version: 1.3.8 2022-02-25 10:58:11 -0600 50659ecda06a8b79a41f24c1fdff05187324402b","time":"2024-10-03T23:45:24.315Z","v":0}
{"name":"1727999124","hostname":"MARIOs-MacBook-Air.local","pid":7974,"level":30,"msg":"Acquiring actors for session 1727999124: ACTOR1","time":"2024-10-03T23:45:24.319Z","v":0}
{"name":"1727999124","hostname":"MARIOs-MacBook-Air.local","pid":7974,"level":30,"msg":"Session 1727999124 with label \"web 14\" started at 2024-10-03 23:45:24 UTC","time":"2024-10-03T23:45:24.330Z","v":0}
{"name":"1727999124","hostname":"MARIOs-MacBook-Air.local","pid":7974,"level":30,"actorType":"ACTOR1","actorId":"52391","time":"2024-10-03T23:45:27.149Z","msg":"Actor 52391 of type ACTOR1 was acquired by test session 1727999124","v":0}
{"name":"1727999124","hostname":"MARIOs-MacBook-Air.local","pid":7974,"level":20,"actorType":"ACTOR1","actorId":"52391","time":"2024-10-03T23:45:27.156Z","msg":"DEBUG: Test actor JAR versions:","v":0}
{"name":"1727999124","hostname":"MARIOs-MacBook-Air.local","pid":7974,"level":20,"actorType":"ACTOR1","actorId":"52391","time":"2024-10-03T23:45:27.158Z","msg":"DEBUG:   opentest-appium-0.0.1.jar: 2022-02-25 10:58 -0600 0.0.1-50659ecda06a8b79a41f24c1fdff05187324402b-dirty","v":0}
{"name":"1727999124","hostname":"MARIOs-MacBook-Air.local","pid":7974,"level":20,"actorType":"ACTOR1","actorId":"52391","time":"2024-10-03T23:45:27.158Z","msg":"DEBUG:   opentest-base-0.0.1.jar: 2022-02-25 10:58 -0600 0.0.1-50659ecda06a8b79a41f24c1fdff05187324402b-dirty","v":0}
{"name":"1727999124","hostname":"MARIOs-MacBook-Air.local","pid":7974,"level":20,"actorType":"ACTOR1","actorId":"52391","time":"2024-10-03T23:45:27.159Z","msg":"DEBUG:   opentest-selenium-0.0.1.jar: 2022-02-25 10:58 -0600 0.0.1-50659ecda06a8b79a41f24c1fdff05187324402b-dirty","v":0}
{"name":"1727999124","hostname":"MARIOs-MacBook-Air.local","pid":7974,"level":40,"actorType":"ACTOR1","actorId":"52391","time":"2024-10-03T23:45:27.16Z","msg":"WARN: Failed to log extension JARs","v":0}
{"name":"1727999124","hostname":"MARIOs-MacBook-Air.local","pid":7974,"level":10,"actorType":"ACTOR1","actorId":"52391","time":"2024-10-03T23:45:27.16Z","msg":"TRACE: Firing SESSION_STARTED event...","v":0}
{"name":"1727999124","hostname":"MARIOs-MacBook-Air.local","pid":7974,"level":30,"actorType":"ACTOR1","actorId":"52391","time":"2024-10-03T23:45:27.244Z","msg":"==================== ACTOR1: web/Find the React repo on GitHub's website ====================","v":0}
{"name":"1727999124","hostname":"MARIOs-MacBook-Air.local","pid":7974,"level":30,"actorType":"ACTOR1","actorId":"52391","time":"2024-10-03T23:45:27.244Z","msg":"Actor ACTOR1 started executing test web/Find the React repo on GitHub's website...","v":0}
{"name":"1727999124","hostname":"MARIOs-MacBook-Air.local","pid":7974,"level":10,"actorType":"ACTOR1","actorId":"52391","time":"2024-10-03T23:45:27.244Z","msg":"TRACE: Firing TEST_STARTED event...","v":0}
{"name":"1727999124","hostname":"MARIOs-MacBook-Air.local","pid":7974,"level":30,"actorType":"ACTOR1","actorId":"52391","time":"2024-10-03T23:45:27.33Z","msg":"Executing segment 1 of test web/Find the React repo on GitHub's website...","v":0}
{"name":"1727999124","hostname":"MARIOs-MacBook-Air.local","pid":7974,"level":30,"actorType":"ACTOR1","actorId":"52391","time":"2024-10-03T23:45:27.331Z","msg":"Evaluating action 1/4 (org.getopentest.selenium.NavigateTo) in segment 1 (Navigate to the GitHub homepage)...","v":0}
{"name":"1727999124","hostname":"MARIOs-MacBook-Air.local","pid":7974,"level":10,"actorType":"ACTOR1","actorId":"52391","time":"2024-10-03T23:45:27.331Z","msg":"TRACE: Initializing action org.getopentest.selenium.NavigateTo...","v":0}
{"name":"1727999124","hostname":"MARIOs-MacBook-Air.local","pid":7974,"level":30,"actorType":"ACTOR1","actorId":"52391","time":"2024-10-03T23:45:27.332Z","msg":"Using local Selenium server","v":0}
{"name":"1727999124","hostname":"MARIOs-MacBook-Air.local","pid":7974,"level":30,"actorType":"ACTOR1","actorId":"52391","time":"2024-10-03T23:45:28.539Z","msg":"Executing action org.getopentest.selenium.NavigateTo with arguments {\"url\":\"https://github.com/\"}...","v":0}
{"name":"1727999124","hostname":"MARIOs-MacBook-Air.local","pid":7974,"level":30,"actorType":"ACTOR1","actorId":"52391","time":"2024-10-03T23:45:29.719Z","msg":"Evaluating action 2/4 (org.getopentest.selenium.SendKeys) in segment 1 (Enter \"react\" in the search box)...","v":0}
{"name":"1727999124","hostname":"MARIOs-MacBook-Air.local","pid":7974,"level":10,"actorType":"ACTOR1","actorId":"52391","time":"2024-10-03T23:45:29.72Z","msg":"TRACE: Initializing action org.getopentest.selenium.SendKeys...","v":0}
{"name":"1727999124","hostname":"MARIOs-MacBook-Air.local","pid":7974,"level":30,"actorType":"ACTOR1","actorId":"52391","time":"2024-10-03T23:45:29.722Z","msg":"Executing action org.getopentest.selenium.SendKeys with arguments {\"text\":\"react\",\"locator\":{\"css\":\"input[name='q']\"},\"sendEnter\":true}...","v":0}
{"name":"1727999124","hostname":"MARIOs-MacBook-Air.local","pid":7974,"level":30,"actorType":"ACTOR1","actorId":"52391","time":"2024-10-03T23:45:41.804Z","msg":"Captured screenshot at /Users/mario/Desktop/PROYECTO/actor1/out/screenshots/SID1727999124_ACTOR1_T01_SG01_ST02_error.png","v":0}
{"name":"1727999124","hostname":"MARIOs-MacBook-Air.local","pid":7974,"level":50,"actorType":"ACTOR1","actorId":"52391","time":"2024-10-03T23:45:41.833Z","msg":"ERROR: java.lang.Exception: Failed executing test web/Find the React repo on GitHub's website, segment 1\n\tat org.getopentest.base.TestActor.executeTestSegment(TestActor.java:2208)\n\tat org.getopentest.base.TestActor.runOneSession(TestActor.java:3077)\n\tat org.getopentest.base.TestActor.runOneSession(TestActor.java:3113)\n\tat org.getopentest.Main.main(Main.java:20)\nCaused by: java.lang.RuntimeException: There was an error while executing action no. 2 (org.getopentest.selenium.SendKeys) in segment 1 of test web/Find the React repo on GitHub's website.\nThe action definition was:\n{\n  \"action\": \"org.getopentest.selenium.SendKeys\",\n  \"args\": {\n    \"locator\": {\n      \"css\": \"input[name='q']\"\n    },\n    \"text\": \"react\",\n    \"sendEnter\": true\n  },\n  \"description\": \"Enter \\\"react\\\" in the search box\"\n}\n\tat org.getopentest.base.TestActor.executeTestSegment(TestActor.java:2142)\n\t... 3 more\nCaused by: java.lang.RuntimeException: Failed executing action org.getopentest.selenium.SendKeys with arguments {\"text\":\"react\",\"locator\":{\"css\":\"input[name='q']\"},\"sendEnter\":true}\n\tat org.getopentest.base.TestActor.executeActionByDef(TestActor.java:1872)\n\tat org.getopentest.base.TestActor.executeTestSegment(TestActor.java:2092)\n\t... 3 more\nCaused by: java.lang.RuntimeException: java.lang.RuntimeException: Failed sending keys to element By.cssSelector: input[name='q']\n\tat org.getopentest.base.TestActor.executeActionByClassName(TestActor.java:1670)\n\tat org.getopentest.base.TestActor.executeActionByDef(TestActor.java:1749)\n\t... 4 more\nCaused by: java.lang.RuntimeException: Failed sending keys to element By.cssSelector: input[name='q']\n\tat org.getopentest.selenium.SendKeys.run(SendKeys.java:45)\n\tat org.getopentest.base.TestActor.executeAction(TestActor.java:1571)\n\tat org.getopentest.base.TestActor.executeActionByClassName(TestActor.java:1647)\n\t... 5 more\nCaused by: org.openqa.selenium.TimeoutException: Expected condition failed: waiting for presence of element located by: By.cssSelector: input[name='q'] (tried for 10 second(s) with 500 milliseconds interval)\n\tat org.openqa.selenium.support.ui.WebDriverWait.timeoutException(WebDriverWait.java:95)\n\tat org.openqa.selenium.support.ui.FluentWait.until(FluentWait.java:272)\n\tat org.getopentest.selenium.core.SeleniumTestAction.getElement(SeleniumTestAction.java:58)\n\tat org.getopentest.selenium.core.SeleniumTestAction.getElement(SeleniumTestAction.java:50)\n\tat org.getopentest.selenium.SendKeys.run(SendKeys.java:25)\n\t... 7 more\nCaused by: org.openqa.selenium.NoSuchElementException: \nFor documentation on this error, please visit: https://www.seleniumhq.org/exceptions/no_such_element.html\nBuild info: version: '3.141.59', revision: 'e82be7d358', time: '2018-11-14T08:17:03'\nSystem info: host: 'MARIOs-MacBook-Air.local', ip: 'fe80:0:0:0:cd2:db9b:c46a:f57e%en0', os.name: 'Mac OS X', os.arch: 'x86_64', os.version: '12.7.6', java.version: '1.8.0_421'\nDriver info: org.openqa.selenium.safari.SafariDriver\nCapabilities {acceptInsecureCerts: false, browserName: Safari, browserVersion: 17.6, goog:chromeOptions: {args: [--start-maximized]}, javascriptEnabled: true, platform: MAC, platformName: MAC, safari:automaticInspection: false, safari:automaticProfiling: false, safari:diagnose: false, safari:platformBuildVersion: 21H1320, safari:platformVersion: 12.7.6, safari:useSimulator: false, setWindowRect: true, strictFileInteractability: false, webkit:WebRTC: {DisableICECandidateFiltering: false, DisableInsecureMediaCapture: false}}\nSession ID: 403480A5-EA65-4834-BD7F-F7F55E018361\n*** Element info: {Using=css selector, value=input[name='q']}\n\tat sun.reflect.GeneratedConstructorAccessor14.newInstance(Unknown Source)\n\tat sun.reflect.DelegatingConstructorAccessorImpl.newInstance(DelegatingConstructorAccessorImpl.java:45)\n\tat java.lang.reflect.Constructor.newInstance(Constructor.java:423)\n\tat org.openqa.selenium.remote.http.W3CHttpResponseCodec.createException(W3CHttpResponseCodec.java:187)\n\tat org.openqa.selenium.remote.http.W3CHttpResponseCodec.decode(W3CHttpResponseCodec.java:122)\n\tat org.openqa.selenium.remote.http.W3CHttpResponseCodec.decode(W3CHttpResponseCodec.java:49)\n\tat org.openqa.selenium.remote.HttpCommandExecutor.execute(HttpCommandExecutor.java:158)\n\tat org.openqa.selenium.remote.service.DriverCommandExecutor.execute(DriverCommandExecutor.java:83)\n\tat org.openqa.selenium.remote.RemoteWebDriver.execute(RemoteWebDriver.java:552)\n\tat org.openqa.selenium.remote.RemoteWebDriver.findElement(RemoteWebDriver.java:323)\n\tat org.openqa.selenium.remote.RemoteWebDriver.findElementByCssSelector(RemoteWebDriver.java:420)\n\tat org.openqa.selenium.By$ByCssSelector.findElement(By.java:431)\n\tat org.openqa.selenium.remote.RemoteWebDriver.findElement(RemoteWebDriver.java:315)\n\tat org.openqa.selenium.support.ui.ExpectedConditions$6.apply(ExpectedConditions.java:182)\n\tat org.openqa.selenium.support.ui.ExpectedConditions$6.apply(ExpectedConditions.java:179)\n\tat org.openqa.selenium.support.ui.FluentWait.until(FluentWait.java:249)\n\t... 10 more\n","v":0}
{"name":"1727999124","hostname":"MARIOs-MacBook-Air.local","pid":7974,"level":30,"actorType":"ACTOR1","actorId":"52391","time":"2024-10-03T23:45:42.364Z","msg":"Test session has completed","v":0}
{"name":"1727999124","hostname":"MARIOs-MacBook-Air.local","pid":7974,"level":10,"actorType":"ACTOR1","actorId":"52391","time":"2024-10-03T23:45:42.365Z","msg":"TRACE: Firing TEST_COMPLETED event...","v":0}
{"name":"1727999124","hostname":"MARIOs-MacBook-Air.local","pid":7974,"level":10,"actorType":"ACTOR1","actorId":"52391","time":"2024-10-03T23:45:42.658Z","msg":"TRACE: Firing SESSION_COMPLETED event...","v":0}
{"name":"1727999124","hostname":"MARIOs-MacBook-Air.local","pid":7974,"level":30,"actorType":"ACTOR1","actorId":"52391","time":"2024-10-03T23:45:42.658Z","msg":"Actor 52391 of type ACTOR1 with no tags is waiting to be acquired by a test session...","v":0}
{"name":"1727999124","hostname":"MARIOs-MacBook-Air.local","pid":7974,"level":10,"actorType":"ACTOR1","actorId":"52391","time":"2024-10-03T23:46:41.601Z","msg":"TRACE: Initializing test session information in the \"announce\" method...","v":0}
{"name":"1727999124","hostname":"MARIOs-MacBook-Air.local","pid":7974,"level":10,"actorType":"ACTOR1","actorId":"52391","time":"2024-10-03T23:46:41.602Z","msg":"TRACE: Session ID in sync server response was 1727999198; actor session ID was null","v":0}
