{"name":"1727986074","hostname":"MARIOs-MacBook-Air.local","pid":2738,"level":20,"msg":"Sync server version: 1.3.8 2022-02-25 10:58:11 -0600 50659ecda06a8b79a41f24c1fdff05187324402b","time":"2024-10-03T20:07:54.117Z","v":0}
{"name":"1727986074","hostname":"MARIOs-MacBook-Air.local","pid":2738,"level":30,"msg":"Acquiring actors for session 1727986074: ACTOR1","time":"2024-10-03T20:07:54.152Z","v":0}
{"name":"1727986074","hostname":"MARIOs-MacBook-Air.local","pid":2738,"level":30,"msg":"Session 1727986074 with label \"web\" started at 2024-10-03 20:07:54 UTC","time":"2024-10-03T20:07:54.161Z","v":0}
{"name":"1727986074","hostname":"MARIOs-MacBook-Air.local","pid":2738,"level":30,"actorType":"ACTOR1","actorId":"47543","time":"2024-10-03T20:07:58.154Z","msg":"Actor 47543 of type ACTOR1 was acquired by test session 1727986074","v":0}
{"name":"1727986074","hostname":"MARIOs-MacBook-Air.local","pid":2738,"level":20,"actorType":"ACTOR1","actorId":"47543","time":"2024-10-03T20:07:58.164Z","msg":"DEBUG: Test actor JAR versions:","v":0}
{"name":"1727986074","hostname":"MARIOs-MacBook-Air.local","pid":2738,"level":20,"actorType":"ACTOR1","actorId":"47543","time":"2024-10-03T20:07:58.167Z","msg":"DEBUG:   opentest-appium-0.0.1.jar: 2022-02-25 10:58 -0600 0.0.1-50659ecda06a8b79a41f24c1fdff05187324402b-dirty","v":0}
{"name":"1727986074","hostname":"MARIOs-MacBook-Air.local","pid":2738,"level":20,"actorType":"ACTOR1","actorId":"47543","time":"2024-10-03T20:07:58.169Z","msg":"DEBUG:   opentest-base-0.0.1.jar: 2022-02-25 10:58 -0600 0.0.1-50659ecda06a8b79a41f24c1fdff05187324402b-dirty","v":0}
{"name":"1727986074","hostname":"MARIOs-MacBook-Air.local","pid":2738,"level":20,"actorType":"ACTOR1","actorId":"47543","time":"2024-10-03T20:07:58.171Z","msg":"DEBUG:   opentest-selenium-0.0.1.jar: 2022-02-25 10:58 -0600 0.0.1-50659ecda06a8b79a41f24c1fdff05187324402b-dirty","v":0}
{"name":"1727986074","hostname":"MARIOs-MacBook-Air.local","pid":2738,"level":40,"actorType":"ACTOR1","actorId":"47543","time":"2024-10-03T20:07:58.178Z","msg":"WARN: Failed to log extension JARs","v":0}
{"name":"1727986074","hostname":"MARIOs-MacBook-Air.local","pid":2738,"level":10,"actorType":"ACTOR1","actorId":"47543","time":"2024-10-03T20:07:58.178Z","msg":"TRACE: Firing SESSION_STARTED event...","v":0}
{"name":"1727986074","hostname":"MARIOs-MacBook-Air.local","pid":2738,"level":30,"actorType":"ACTOR1","actorId":"47543","time":"2024-10-03T20:07:58.286Z","msg":"==================== ACTOR1: web/Find the React repo on GitHub's website ====================","v":0}
{"name":"1727986074","hostname":"MARIOs-MacBook-Air.local","pid":2738,"level":30,"actorType":"ACTOR1","actorId":"47543","time":"2024-10-03T20:07:58.286Z","msg":"Actor ACTOR1 started executing test web/Find the React repo on GitHub's website...","v":0}
{"name":"1727986074","hostname":"MARIOs-MacBook-Air.local","pid":2738,"level":10,"actorType":"ACTOR1","actorId":"47543","time":"2024-10-03T20:07:58.287Z","msg":"TRACE: Firing TEST_STARTED event...","v":0}
{"name":"1727986074","hostname":"MARIOs-MacBook-Air.local","pid":2738,"level":30,"actorType":"ACTOR1","actorId":"47543","time":"2024-10-03T20:07:58.399Z","msg":"Executing segment 1 of test web/Find the React repo on GitHub's website...","v":0}
{"name":"1727986074","hostname":"MARIOs-MacBook-Air.local","pid":2738,"level":30,"actorType":"ACTOR1","actorId":"47543","time":"2024-10-03T20:07:58.399Z","msg":"Evaluating action 1/4 (org.getopentest.selenium.NavigateTo) in segment 1 (Navigate to the GitHub homepage)...","v":0}
{"name":"1727986074","hostname":"MARIOs-MacBook-Air.local","pid":2738,"level":10,"actorType":"ACTOR1","actorId":"47543","time":"2024-10-03T20:07:58.415Z","msg":"TRACE: Initializing action org.getopentest.selenium.NavigateTo...","v":0}
{"name":"1727986074","hostname":"MARIOs-MacBook-Air.local","pid":2738,"level":30,"actorType":"ACTOR1","actorId":"47543","time":"2024-10-03T20:07:58.426Z","msg":"Loading configuration from \"/Users/mario/Desktop/PROYECTO/actor1/actor.yaml\"","v":0}
{"name":"1727986074","hostname":"MARIOs-MacBook-Air.local","pid":2738,"level":30,"actorType":"ACTOR1","actorId":"47543","time":"2024-10-03T20:07:58.434Z","msg":"Using local Selenium server","v":0}
{"name":"1727986074","hostname":"MARIOs-MacBook-Air.local","pid":2738,"level":50,"actorType":"ACTOR1","actorId":"47543","time":"2024-10-03T20:07:58.524Z","msg":"ERROR: java.lang.Exception: Failed executing test web/Find the React repo on GitHub's website, segment 1\n\tat org.getopentest.base.TestActor.executeTestSegment(TestActor.java:2208)\n\tat org.getopentest.base.TestActor.runOneSession(TestActor.java:3077)\n\tat org.getopentest.base.TestActor.runOneSession(TestActor.java:3113)\n\tat org.getopentest.Main.main(Main.java:20)\nCaused by: java.lang.RuntimeException: There was an error while executing action no. 1 (org.getopentest.selenium.NavigateTo) in segment 1 of test web/Find the React repo on GitHub's website.\nThe action definition was:\n{\n  \"action\": \"org.getopentest.selenium.NavigateTo\",\n  \"args\": {\n    \"url\": \"https://github.com/\"\n  },\n  \"description\": \"Navigate to the GitHub homepage\"\n}\n\tat org.getopentest.base.TestActor.executeTestSegment(TestActor.java:2142)\n\t... 3 more\nCaused by: java.lang.RuntimeException: Failed executing action org.getopentest.selenium.NavigateTo with arguments {\"url\":\"https://github.com/\"}\n\tat org.getopentest.base.TestActor.executeActionByDef(TestActor.java:1872)\n\tat org.getopentest.base.TestActor.executeTestSegment(TestActor.java:2092)\n\t... 3 more\nCaused by: java.lang.RuntimeException: java.lang.RuntimeException: Failed to find the Selenium driver executable for browser \"chrome\". File \"/Users/mario/Desktop/PROYECTO/chromedriver/chromedriver.exe\" does not exist. You can provide the correct path to the driver in the test actor's configuration file.\n\tat org.getopentest.base.TestActor.executeActionByClassName(TestActor.java:1670)\n\tat org.getopentest.base.TestActor.executeActionByDef(TestActor.java:1749)\n\t... 4 more\nCaused by: java.lang.RuntimeException: Failed to find the Selenium driver executable for browser \"chrome\". File \"/Users/mario/Desktop/PROYECTO/chromedriver/chromedriver.exe\" does not exist. You can provide the correct path to the driver in the test actor's configuration file.\n\tat org.getopentest.selenium.core.SeleniumHelper.setDriverExecutable(SeleniumHelper.java:306)\n\tat org.getopentest.selenium.core.SeleniumHelper.createDriver(SeleniumHelper.java:67)\n\tat org.getopentest.selenium.core.SeleniumHelper.getDriver(SeleniumHelper.java:237)\n\tat org.getopentest.selenium.core.SeleniumTestAction.initialize(SeleniumTestAction.java:203)\n\tat org.getopentest.base.TestActor.executeAction(TestActor.java:1553)\n\tat org.getopentest.base.TestActor.executeActionByClassName(TestActor.java:1647)\n\t... 5 more\n","v":0}
{"name":"1727986074","hostname":"MARIOs-MacBook-Air.local","pid":2738,"level":30,"actorType":"ACTOR1","actorId":"47543","time":"2024-10-03T20:07:59.059Z","msg":"Test session has completed","v":0}
{"name":"1727986074","hostname":"MARIOs-MacBook-Air.local","pid":2738,"level":10,"actorType":"ACTOR1","actorId":"47543","time":"2024-10-03T20:07:59.059Z","msg":"TRACE: Firing TEST_COMPLETED event...","v":0}
{"name":"1727986074","hostname":"MARIOs-MacBook-Air.local","pid":2738,"level":30,"actorType":"ACTOR1","actorId":"47543","time":"2024-10-03T20:07:59.06Z","msg":"Using local Selenium server","v":0}
{"name":"1727986074","hostname":"MARIOs-MacBook-Air.local","pid":2738,"level":50,"actorType":"ACTOR1","actorId":"47543","time":"2024-10-03T20:07:59.06Z","msg":"ERROR: The \"runOneSession\" method failed","v":0}
{"name":"1727986074","hostname":"MARIOs-MacBook-Air.local","pid":2738,"level":50,"actorType":"ACTOR1","actorId":"47543","time":"2024-10-03T20:07:59.061Z","msg":"ERROR: java.lang.NullPointerException\n\tat org.getopentest.selenium.core.SeleniumTestAction$1.update(SeleniumTestAction.java:190)\n\tat java.util.Observable.notifyObservers(Observable.java:159)\n\tat org.getopentest.base.TestActor.runOneSession(TestActor.java:3102)\n\tat org.getopentest.base.TestActor.runOneSession(TestActor.java:3113)\n\tat org.getopentest.Main.main(Main.java:20)\n","v":0}
{"name":"1727986074","hostname":"MARIOs-MacBook-Air.local","pid":2738,"level":30,"actorType":"ACTOR1","actorId":"47543","time":"2024-10-03T20:07:59.061Z","msg":"Actor 47543 of type ACTOR1 with no tags is waiting to be acquired by a test session...","v":0}
{"name":"1727986074","hostname":"MARIOs-MacBook-Air.local","pid":2738,"level":10,"actorType":"ACTOR1","actorId":"47543","time":"2024-10-03T20:10:02.637Z","msg":"TRACE: Initializing test session information in the \"announce\" method...","v":0}
{"name":"1727986074","hostname":"MARIOs-MacBook-Air.local","pid":2738,"level":10,"actorType":"ACTOR1","actorId":"47543","time":"2024-10-03T20:10:02.638Z","msg":"TRACE: Session ID in sync server response was 1727986203; actor session ID was null","v":0}
