{"id":1727989338,"actors":{"5664":{"id":5664,"lastSeenTime":1727989337964,"testSessionId":1727989338,"type":"ACTOR1","tags":[],"_id":"yHnM2Wl81RviXEsk","ip":"::ffff:127.0.0.1","tests":[{"currentSegmentIndex":1,"segments":[{"index":0,"status":"completed","timeStarted":1727989343485,"timeCompleted":1727989343525,"result":"passed"},{"index":1,"status":"completed","timeStarted":1727989343557,"timeCompleted":1727989343649,"result":"failed"}],"name":"Find the React repo on GitHub's website","path":"web","timeCompleted":null,"timeStarted":1727989343485}]}},"maxIterations":"1","currentIteration":1,"currentTestIndex":1,"currentSegmentIndex":0,"label":"web 11","result":"failed","status":"completed","tests":[{"actions":[{"action":"org.getopentest.selenium.NavigateTo","actorType":"ACTOR1","args":{"url":"https://github.com/"},"isCheckpoint":false,"description":"Navigate to the GitHub homepage","durationMs":39,"macroStack":[],"result":"failed","segment":1,"stackTrace":"java.lang.RuntimeException: java.lang.RuntimeException: Failed to find the Selenium driver executable for browser \"chrome\". File \"\\Users\\mario\\Desktop\\PROYECTO\\chromedriver\\chromedriver\" does not exist. You can provide the correct path to the driver in the test actor's configuration file.\n\tat org.getopentest.base.TestActor.executeActionByClassName(TestActor.java:1670)\n\tat org.getopentest.base.TestActor.executeActionByDef(TestActor.java:1749)\n\tat org.getopentest.base.TestActor.executeTestSegment(TestActor.java:2092)\n\tat org.getopentest.base.TestActor.runOneSession(TestActor.java:3077)\n\tat org.getopentest.base.TestActor.runOneSession(TestActor.java:3113)\n\tat org.getopentest.Main.main(Main.java:20)\nCaused by: java.lang.RuntimeException: Failed to find the Selenium driver executable for browser \"chrome\". File \"\\Users\\mario\\Desktop\\PROYECTO\\chromedriver\\chromedriver\" does not exist. You can provide the correct path to the driver in the test actor's configuration file.\n\tat org.getopentest.selenium.core.SeleniumHelper.setDriverExecutable(SeleniumHelper.java:306)\n\tat org.getopentest.selenium.core.SeleniumHelper.createDriver(SeleniumHelper.java:67)\n\tat org.getopentest.selenium.core.SeleniumHelper.getDriver(SeleniumHelper.java:237)\n\tat org.getopentest.selenium.core.SeleniumTestAction.initialize(SeleniumTestAction.java:203)\n\tat org.getopentest.base.TestActor.executeAction(TestActor.java:1553)\n\tat org.getopentest.base.TestActor.executeActionByClassName(TestActor.java:1647)\n\t... 5 more\n"}],"currentIteration":1,"currentSegmentIndex":0,"isDataDriven":false,"name":"Find the React repo on GitHub's website","path":"web","result":"failed","status":"completed","segments":[{"index":0,"result":"passed","status":"completed","timeStarted":1727989343485,"timeCompleted":1727989343525},{"index":1,"result":"failed","status":"completed","timeStarted":1727989343557,"timeCompleted":1727989343649}],"tags":[],"timeStarted":1727989343485,"timeCompleted":1727989343649}],"timeCreated":1727989338465,"timeStarted":1727989343485,"timeCompleted":1727989343650,"lastActivity":1727989343649,"_id":"4TDpHN4kwP6l3gTh","actorTags":[],"environment":"","currentDataRecordIndex":-1}
{"id":1727988131,"actors":{"32799":{"id":32799,"lastSeenTime":1727988126702,"testSessionId":1727988131,"type":"ACTOR1","tags":[],"_id":"RcC6FDosvuxLN9Vw","ip":"::ffff:127.0.0.1","tests":[{"currentSegmentIndex":1,"segments":[{"index":0,"status":"completed","timeStarted":1727988132643,"timeCompleted":1727988132664,"result":"passed"},{"index":1,"status":"completed","timeStarted":1727988132693,"timeCompleted":1727988132722,"result":"failed"}],"name":"Find the React repo on GitHub's website","path":"web","timeCompleted":null,"timeStarted":1727988132643}]}},"maxIterations":"1","currentIteration":1,"currentTestIndex":1,"currentSegmentIndex":0,"label":"web 7","result":"failed","status":"completed","tests":[{"actions":[{"action":"org.getopentest.selenium.NavigateTo","actorType":"ACTOR1","args":{"url":"https://github.com/"},"isCheckpoint":false,"description":"Navigate to the GitHub homepage","durationMs":1,"macroStack":[],"result":"failed","segment":1,"stackTrace":"java.lang.RuntimeException: java.lang.RuntimeException: Failed to find the Selenium driver executable for browser \"chrome\". File \"Macintosh HD/Users/mario/Desktop/PROYECTO/chromedriver/chromedriver.exe\" does not exist. You can provide the correct path to the driver in the test actor's configuration file.\n\tat org.getopentest.base.TestActor.executeActionByClassName(TestActor.java:1670)\n\tat org.getopentest.base.TestActor.executeActionByDef(TestActor.java:1749)\n\tat org.getopentest.base.TestActor.executeTestSegment(TestActor.java:2092)\n\tat org.getopentest.base.TestActor.runOneSession(TestActor.java:3077)\n\tat org.getopentest.base.TestActor.runOneSession(TestActor.java:3113)\n\tat org.getopentest.Main.main(Main.java:20)\nCaused by: java.lang.RuntimeException: Failed to find the Selenium driver executable for browser \"chrome\". File \"Macintosh HD/Users/mario/Desktop/PROYECTO/chromedriver/chromedriver.exe\" does not exist. You can provide the correct path to the driver in the test actor's configuration file.\n\tat org.getopentest.selenium.core.SeleniumHelper.setDriverExecutable(SeleniumHelper.java:306)\n\tat org.getopentest.selenium.core.SeleniumHelper.createDriver(SeleniumHelper.java:67)\n\tat org.getopentest.selenium.core.SeleniumHelper.getDriver(SeleniumHelper.java:237)\n\tat org.getopentest.selenium.core.SeleniumTestAction.initialize(SeleniumTestAction.java:203)\n\tat org.getopentest.base.TestActor.executeAction(TestActor.java:1553)\n\tat org.getopentest.base.TestActor.executeActionByClassName(TestActor.java:1647)\n\t... 5 more\n"}],"currentIteration":1,"currentSegmentIndex":0,"isDataDriven":false,"name":"Find the React repo on GitHub's website","path":"web","result":"failed","status":"completed","segments":[{"index":0,"result":"passed","status":"completed","timeStarted":1727988132643,"timeCompleted":1727988132664},{"index":1,"result":"failed","status":"completed","timeStarted":1727988132693,"timeCompleted":1727988132722}],"tags":[],"timeStarted":1727988132643,"timeCompleted":1727988132722}],"timeCreated":1727988130801,"timeStarted":1727988132643,"timeCompleted":1727988132722,"lastActivity":1727988132719,"_id":"4TbMg10LPgVzhjED","actorTags":[],"environment":"","currentDataRecordIndex":-1}
{"id":1727988296,"actors":{"12165":{"id":12165,"lastSeenTime":1727988291872,"testSessionId":1727988296,"type":"ACTOR1","tags":[],"_id":"9jwKPLunSvFj3fzz","ip":"::ffff:127.0.0.1","tests":[{"currentSegmentIndex":1,"segments":[{"index":0,"status":"completed","timeStarted":1727988297269,"timeCompleted":1727988297302,"result":"passed"},{"index":1,"status":"completed","timeStarted":1727988297333,"timeCompleted":1727988297432,"result":"failed"}],"name":"Find the React repo on GitHub's website","path":"web","timeCompleted":null,"timeStarted":1727988297269}]}},"maxIterations":"1","currentIteration":1,"currentTestIndex":1,"currentSegmentIndex":0,"label":"web 8","result":"failed","status":"completed","tests":[{"actions":[{"action":"org.getopentest.selenium.NavigateTo","actorType":"ACTOR1","args":{"url":"https://github.com/"},"isCheckpoint":false,"description":"Navigate to the GitHub homepage","durationMs":72,"macroStack":[],"result":"failed","segment":1,"stackTrace":"java.lang.RuntimeException: java.lang.RuntimeException: Failed to find the Selenium driver executable for browser \"chrome\". File \"Macintosh HD\\Users\\mario\\Desktop\\PROYECTO\\chromedriver\\chromedriver.exec\" does not exist. You can provide the correct path to the driver in the test actor's configuration file.\n\tat org.getopentest.base.TestActor.executeActionByClassName(TestActor.java:1670)\n\tat org.getopentest.base.TestActor.executeActionByDef(TestActor.java:1749)\n\tat org.getopentest.base.TestActor.executeTestSegment(TestActor.java:2092)\n\tat org.getopentest.base.TestActor.runOneSession(TestActor.java:3077)\n\tat org.getopentest.base.TestActor.runOneSession(TestActor.java:3113)\n\tat org.getopentest.Main.main(Main.java:20)\nCaused by: java.lang.RuntimeException: Failed to find the Selenium driver executable for browser \"chrome\". File \"Macintosh HD\\Users\\mario\\Desktop\\PROYECTO\\chromedriver\\chromedriver.exec\" does not exist. You can provide the correct path to the driver in the test actor's configuration file.\n\tat org.getopentest.selenium.core.SeleniumHelper.setDriverExecutable(SeleniumHelper.java:306)\n\tat org.getopentest.selenium.core.SeleniumHelper.createDriver(SeleniumHelper.java:67)\n\tat org.getopentest.selenium.core.SeleniumHelper.getDriver(SeleniumHelper.java:237)\n\tat org.getopentest.selenium.core.SeleniumTestAction.initialize(SeleniumTestAction.java:203)\n\tat org.getopentest.base.TestActor.executeAction(TestActor.java:1553)\n\tat org.getopentest.base.TestActor.executeActionByClassName(TestActor.java:1647)\n\t... 5 more\n"}],"currentIteration":1,"currentSegmentIndex":0,"isDataDriven":false,"name":"Find the React repo on GitHub's website","path":"web","result":"failed","status":"completed","segments":[{"index":0,"result":"passed","status":"completed","timeStarted":1727988297269,"timeCompleted":1727988297302},{"index":1,"result":"failed","status":"completed","timeStarted":1727988297333,"timeCompleted":1727988297432}],"tags":[],"timeStarted":1727988297269,"timeCompleted":1727988297432}],"timeCreated":1727988295756,"timeStarted":1727988297269,"timeCompleted":1727988297432,"lastActivity":1727988297431,"_id":"6TogpLhTMTl7V9CD","actorTags":[],"environment":"","currentDataRecordIndex":-1}
{"id":1727999090,"actors":{"52391":{"id":52391,"lastSeenTime":1727999086249,"testSessionId":1727999090,"type":"ACTOR1","tags":[],"_id":"ApfZSQnP4Y4g5z2S","ip":"::ffff:127.0.0.1","tests":[{"currentSegmentIndex":1,"segments":[{"index":0,"status":"completed","timeStarted":1727999091480,"timeCompleted":1727999091528,"result":"passed"},{"index":1,"status":"completed","timeStarted":1727999091583,"timeCompleted":1727999108196,"result":"failed"}],"name":"Find the React repo on GitHub's website","path":"web","timeCompleted":null,"timeStarted":1727999091480}]}},"maxIterations":"1","currentIteration":1,"currentTestIndex":1,"currentSegmentIndex":0,"label":"web 13","result":"failed","status":"completed","tests":[{"actions":[{"action":"org.getopentest.selenium.NavigateTo","actorType":"ACTOR1","args":{"url":"https://github.com/"},"isCheckpoint":false,"description":"Navigate to the GitHub homepage","durationMs":4370,"macroStack":[],"result":"passed","segment":1},{"action":"org.getopentest.selenium.SendKeys","actorType":"ACTOR1","args":{"text":"react","locator":{"css":"input[name='q']"},"sendEnter":true},"isCheckpoint":false,"description":"Enter \"react\" in the search box","durationMs":12199,"macroStack":[],"result":"failed","screenshot":"SID1727999090_ACTOR1_T01_SG01_ST02_error.png","segment":1,"stackTrace":"java.lang.RuntimeException: java.lang.RuntimeException: Failed sending keys to element By.cssSelector: input[name='q']\n\tat org.getopentest.base.TestActor.executeActionByClassName(TestActor.java:1670)\n\tat org.getopentest.base.TestActor.executeActionByDef(TestActor.java:1749)\n\tat org.getopentest.base.TestActor.executeTestSegment(TestActor.java:2092)\n\tat org.getopentest.base.TestActor.runOneSession(TestActor.java:3077)\n\tat org.getopentest.base.TestActor.runOneSession(TestActor.java:3113)\n\tat org.getopentest.Main.main(Main.java:20)\nCaused by: java.lang.RuntimeException: Failed sending keys to element By.cssSelector: input[name='q']\n\tat org.getopentest.selenium.SendKeys.run(SendKeys.java:45)\n\tat org.getopentest.base.TestActor.executeAction(TestActor.java:1571)\n\tat org.getopentest.base.TestActor.executeActionByClassName(TestActor.java:1647)\n\t... 5 more\nCaused by: org.openqa.selenium.TimeoutException: Expected condition failed: waiting for presence of element located by: By.cssSelector: input[name='q'] (tried for 10 second(s) with 500 milliseconds interval)\n\tat org.openqa.selenium.support.ui.WebDriverWait.timeoutException(WebDriverWait.java:95)\n\tat org.openqa.selenium.support.ui.FluentWait.until(FluentWait.java:272)\n\tat org.getopentest.selenium.core.SeleniumTestAction.getElement(SeleniumTestAction.java:58)\n\tat org.getopentest.selenium.core.SeleniumTestAction.getElement(SeleniumTestAction.java:50)\n\tat org.getopentest.selenium.SendKeys.run(SendKeys.java:25)\n\t... 7 more\nCaused by: org.openqa.selenium.NoSuchElementException: \nFor documentation on this error, please visit: https://www.seleniumhq.org/exceptions/no_such_element.html\nBuild info: version: '3.141.59', revision: 'e82be7d358', time: '2018-11-14T08:17:03'\nSystem info: host: 'MARIOs-MacBook-Air.local', ip: 'fe80:0:0:0:cd2:db9b:c46a:f57e%en0', os.name: 'Mac OS X', os.arch: 'x86_64', os.version: '12.7.6', java.version: '1.8.0_421'\nDriver info: org.openqa.selenium.safari.SafariDriver\nCapabilities {acceptInsecureCerts: false, browserName: Safari, browserVersion: 17.6, goog:chromeOptions: {args: [--start-maximized]}, javascriptEnabled: true, platform: MAC, platformName: MAC, safari:automaticInspection: false, safari:automaticProfiling: false, safari:diagnose: false, safari:platformBuildVersion: 21H1320, safari:platformVersion: 12.7.6, safari:useSimulator: false, setWindowRect: true, strictFileInteractability: false, webkit:WebRTC: {DisableICECandidateFiltering: false, DisableInsecureMediaCapture: false}}\nSession ID: AA7E0B45-FC25-4777-B962-7BA440E1375F\n*** Element info: {Using=css selector, value=input[name='q']}\n\tat sun.reflect.GeneratedConstructorAccessor14.newInstance(Unknown Source)\n\tat sun.reflect.DelegatingConstructorAccessorImpl.newInstance(DelegatingConstructorAccessorImpl.java:45)\n\tat java.lang.reflect.Constructor.newInstance(Constructor.java:423)\n\tat org.openqa.selenium.remote.http.W3CHttpResponseCodec.createException(W3CHttpResponseCodec.java:187)\n\tat org.openqa.selenium.remote.http.W3CHttpResponseCodec.decode(W3CHttpResponseCodec.java:122)\n\tat org.openqa.selenium.remote.http.W3CHttpResponseCodec.decode(W3CHttpResponseCodec.java:49)\n\tat org.openqa.selenium.remote.HttpCommandExecutor.execute(HttpCommandExecutor.java:158)\n\tat org.openqa.selenium.remote.service.DriverCommandExecutor.execute(DriverCommandExecutor.java:83)\n\tat org.openqa.selenium.remote.RemoteWebDriver.execute(RemoteWebDriver.java:552)\n\tat org.openqa.selenium.remote.RemoteWebDriver.findElement(RemoteWebDriver.java:323)\n\tat org.openqa.selenium.remote.RemoteWebDriver.findElementByCssSelector(RemoteWebDriver.java:420)\n\tat org.openqa.selenium.By$ByCssSelector.findElement(By.java:431)\n\tat org.openqa.selenium.remote.RemoteWebDriver.findElement(RemoteWebDriver.java:315)\n\tat org.openqa.selenium.support.ui.ExpectedConditions$6.apply(ExpectedConditions.java:182)\n\tat org.openqa.selenium.support.ui.ExpectedConditions$6.apply(ExpectedConditions.java:179)\n\tat org.openqa.selenium.support.ui.FluentWait.until(FluentWait.java:249)\n\t... 10 more\n"}],"currentIteration":1,"currentSegmentIndex":0,"isDataDriven":false,"name":"Find the React repo on GitHub's website","path":"web","result":"failed","status":"completed","segments":[{"index":0,"result":"passed","status":"completed","timeStarted":1727999091480,"timeCompleted":1727999091528},{"index":1,"result":"failed","status":"completed","timeStarted":1727999091583,"timeCompleted":1727999108196}],"tags":[],"timeStarted":1727999091480,"timeCompleted":1727999108196}],"timeCreated":1727999090468,"timeStarted":1727999091480,"timeCompleted":1727999108197,"lastActivity":1727999108194,"_id":"70GmdjZBCGogcRxR","actorTags":[],"environment":"","currentDataRecordIndex":-1}
{"id":1727988593,"actors":{"12165":{"id":12165,"lastSeenTime":1727988587692,"testSessionId":1727988593,"type":"ACTOR1","tags":[],"_id":"9jwKPLunSvFj3fzz","ip":"::ffff:127.0.0.1","tests":[{"currentSegmentIndex":1,"segments":[{"index":0,"status":"completed","timeStarted":1727988593730,"timeCompleted":1727988593752,"result":"passed"},{"index":1,"status":"completed","timeStarted":1727988593785,"timeCompleted":1727988593838,"result":"failed"}],"name":"Find the React repo on GitHub's website","path":"web","timeCompleted":null,"timeStarted":1727988593730}]}},"maxIterations":"1","currentIteration":1,"currentTestIndex":1,"currentSegmentIndex":0,"label":"web 9","result":"failed","status":"completed","tests":[{"actions":[{"action":"org.getopentest.selenium.NavigateTo","actorType":"ACTOR1","args":{"url":"https://github.com/"},"isCheckpoint":false,"description":"Navigate to the GitHub homepage","durationMs":5,"macroStack":[],"result":"failed","segment":1,"stackTrace":"java.lang.RuntimeException: java.lang.RuntimeException: Failed to find the Selenium driver executable for browser \"chrome\". File \"Macintosh HD\\Users\\mario\\Desktop\\PROYECTO\\chromedriver\\chromedriver.exec\" does not exist. You can provide the correct path to the driver in the test actor's configuration file.\n\tat org.getopentest.base.TestActor.executeActionByClassName(TestActor.java:1670)\n\tat org.getopentest.base.TestActor.executeActionByDef(TestActor.java:1749)\n\tat org.getopentest.base.TestActor.executeTestSegment(TestActor.java:2092)\n\tat org.getopentest.base.TestActor.runOneSession(TestActor.java:3077)\n\tat org.getopentest.base.TestActor.runOneSession(TestActor.java:3113)\n\tat org.getopentest.Main.main(Main.java:20)\nCaused by: java.lang.RuntimeException: Failed to find the Selenium driver executable for browser \"chrome\". File \"Macintosh HD\\Users\\mario\\Desktop\\PROYECTO\\chromedriver\\chromedriver.exec\" does not exist. You can provide the correct path to the driver in the test actor's configuration file.\n\tat org.getopentest.selenium.core.SeleniumHelper.setDriverExecutable(SeleniumHelper.java:306)\n\tat org.getopentest.selenium.core.SeleniumHelper.createDriver(SeleniumHelper.java:67)\n\tat org.getopentest.selenium.core.SeleniumHelper.getDriver(SeleniumHelper.java:237)\n\tat org.getopentest.selenium.core.SeleniumTestAction.initialize(SeleniumTestAction.java:203)\n\tat org.getopentest.base.TestActor.executeAction(TestActor.java:1553)\n\tat org.getopentest.base.TestActor.executeActionByClassName(TestActor.java:1647)\n\t... 5 more\n"}],"currentIteration":1,"currentSegmentIndex":0,"isDataDriven":false,"name":"Find the React repo on GitHub's website","path":"web","result":"failed","status":"completed","segments":[{"index":0,"result":"passed","status":"completed","timeStarted":1727988593730,"timeCompleted":1727988593752},{"index":1,"result":"failed","status":"completed","timeStarted":1727988593785,"timeCompleted":1727988593838}],"tags":[],"timeStarted":1727988593730,"timeCompleted":1727988593838}],"timeCreated":1727988592613,"timeStarted":1727988593730,"timeCompleted":1727988593838,"lastActivity":1727988593814,"_id":"8HHFkKIbSOFNh1VV","actorTags":[],"environment":"","currentDataRecordIndex":-1}
{"id":1727986203,"actors":{"47543":{"id":47543,"lastSeenTime":1727986197622,"testSessionId":1727986203,"type":"ACTOR1","tags":[],"_id":"rwfLPqFpiywq2lPv","ip":"::ffff:127.0.0.1","tests":[{"currentSegmentIndex":1,"segments":[{"index":0,"status":"completed","timeStarted":1727986203564,"timeCompleted":1727986203602,"result":"passed"},{"index":1,"status":"completed","timeStarted":1727986203646,"timeCompleted":1727986203682,"result":"failed"}],"name":"Find the React repo on GitHub's website","path":"web","timeCompleted":null,"timeStarted":1727986203564}]}},"maxIterations":"1","currentIteration":1,"currentTestIndex":1,"currentSegmentIndex":0,"label":"web 2","result":"failed","status":"completed","tests":[{"actions":[{"action":"org.getopentest.selenium.NavigateTo","actorType":"ACTOR1","args":{"url":"https://github.com/"},"isCheckpoint":false,"description":"Navigate to the GitHub homepage","durationMs":17,"macroStack":[],"result":"failed","segment":1,"stackTrace":"java.lang.RuntimeException: java.lang.RuntimeException: Failed to find the Selenium driver executable for browser \"chrome\". File \"/Users/mario/Desktop/PROYECTO/chromedriver/chromedriver.exe\" does not exist. You can provide the correct path to the driver in the test actor's configuration file.\n\tat org.getopentest.base.TestActor.executeActionByClassName(TestActor.java:1670)\n\tat org.getopentest.base.TestActor.executeActionByDef(TestActor.java:1749)\n\tat org.getopentest.base.TestActor.executeTestSegment(TestActor.java:2092)\n\tat org.getopentest.base.TestActor.runOneSession(TestActor.java:3077)\n\tat org.getopentest.base.TestActor.runOneSession(TestActor.java:3113)\n\tat org.getopentest.Main.main(Main.java:20)\nCaused by: java.lang.RuntimeException: Failed to find the Selenium driver executable for browser \"chrome\". File \"/Users/mario/Desktop/PROYECTO/chromedriver/chromedriver.exe\" does not exist. You can provide the correct path to the driver in the test actor's configuration file.\n\tat org.getopentest.selenium.core.SeleniumHelper.setDriverExecutable(SeleniumHelper.java:306)\n\tat org.getopentest.selenium.core.SeleniumHelper.createDriver(SeleniumHelper.java:67)\n\tat org.getopentest.selenium.core.SeleniumHelper.getDriver(SeleniumHelper.java:237)\n\tat org.getopentest.selenium.core.SeleniumTestAction.initialize(SeleniumTestAction.java:203)\n\tat org.getopentest.base.TestActor.executeAction(TestActor.java:1553)\n\tat org.getopentest.base.TestActor.executeActionByClassName(TestActor.java:1647)\n\t... 5 more\n"}],"currentIteration":1,"currentSegmentIndex":0,"isDataDriven":false,"name":"Find the React repo on GitHub's website","path":"web","result":"failed","status":"completed","segments":[{"index":0,"result":"passed","status":"completed","timeStarted":1727986203564,"timeCompleted":1727986203602},{"index":1,"result":"failed","status":"completed","timeStarted":1727986203646,"timeCompleted":1727986203682}],"tags":[],"timeStarted":1727986203564,"timeCompleted":1727986203682}],"timeCreated":1727986202553,"timeStarted":1727986203564,"timeCompleted":1727986203682,"lastActivity":1727986203679,"_id":"FqaTI0gjxZPhsAk0","actorTags":[],"environment":"","currentDataRecordIndex":-1}
{"id":1727986074,"actors":{"47543":{"id":47543,"lastSeenTime":1727986072305,"testSessionId":1727986074,"type":"ACTOR1","tags":[],"_id":"rwfLPqFpiywq2lPv","ip":"::ffff:127.0.0.1","tests":[{"currentSegmentIndex":1,"segments":[{"index":0,"status":"completed","timeStarted":1727986078296,"timeCompleted":1727986078339,"result":"passed"},{"index":1,"status":"completed","timeStarted":1727986078393,"timeCompleted":1727986078513,"result":"failed"}],"name":"Find the React repo on GitHub's website","path":"web","timeCompleted":null,"timeStarted":1727986078296}]}},"maxIterations":"1","currentIteration":1,"currentTestIndex":1,"currentSegmentIndex":0,"label":"web","result":"failed","status":"completed","tests":[{"actions":[{"action":"org.getopentest.selenium.NavigateTo","actorType":"ACTOR1","args":{"url":"https://github.com/"},"isCheckpoint":false,"description":"Navigate to the GitHub homepage","durationMs":58,"macroStack":[],"result":"failed","segment":1,"stackTrace":"java.lang.RuntimeException: java.lang.RuntimeException: Failed to find the Selenium driver executable for browser \"chrome\". File \"/Users/mario/Desktop/PROYECTO/chromedriver/chromedriver.exe\" does not exist. You can provide the correct path to the driver in the test actor's configuration file.\n\tat org.getopentest.base.TestActor.executeActionByClassName(TestActor.java:1670)\n\tat org.getopentest.base.TestActor.executeActionByDef(TestActor.java:1749)\n\tat org.getopentest.base.TestActor.executeTestSegment(TestActor.java:2092)\n\tat org.getopentest.base.TestActor.runOneSession(TestActor.java:3077)\n\tat org.getopentest.base.TestActor.runOneSession(TestActor.java:3113)\n\tat org.getopentest.Main.main(Main.java:20)\nCaused by: java.lang.RuntimeException: Failed to find the Selenium driver executable for browser \"chrome\". File \"/Users/mario/Desktop/PROYECTO/chromedriver/chromedriver.exe\" does not exist. You can provide the correct path to the driver in the test actor's configuration file.\n\tat org.getopentest.selenium.core.SeleniumHelper.setDriverExecutable(SeleniumHelper.java:306)\n\tat org.getopentest.selenium.core.SeleniumHelper.createDriver(SeleniumHelper.java:67)\n\tat org.getopentest.selenium.core.SeleniumHelper.getDriver(SeleniumHelper.java:237)\n\tat org.getopentest.selenium.core.SeleniumTestAction.initialize(SeleniumTestAction.java:203)\n\tat org.getopentest.base.TestActor.executeAction(TestActor.java:1553)\n\tat org.getopentest.base.TestActor.executeActionByClassName(TestActor.java:1647)\n\t... 5 more\n"}],"currentIteration":1,"currentSegmentIndex":0,"isDataDriven":false,"name":"Find the React repo on GitHub's website","path":"web","result":"failed","status":"completed","segments":[{"index":0,"result":"passed","status":"completed","timeStarted":1727986078296,"timeCompleted":1727986078339},{"index":1,"result":"failed","status":"completed","timeStarted":1727986078393,"timeCompleted":1727986078513}],"tags":[],"timeStarted":1727986078296,"timeCompleted":1727986078513}],"timeCreated":1727986074131,"timeStarted":1727986078296,"timeCompleted":1727986078515,"lastActivity":1727986078512,"_id":"LBpqp9KaUxpbVOXo","actorTags":[],"environment":"","currentDataRecordIndex":-1}
{"id":1727999124,"actors":{"52391":{"id":52391,"lastSeenTime":1727999121352,"testSessionId":1727999124,"type":"ACTOR1","tags":[],"_id":"ApfZSQnP4Y4g5z2S","ip":"::ffff:127.0.0.1","tests":[{"currentSegmentIndex":1,"segments":[{"index":0,"status":"completed","timeStarted":1727999127250,"timeCompleted":1727999127272,"result":"passed"},{"index":1,"status":"completed","timeStarted":1727999127299,"timeCompleted":1727999141816,"result":"failed"}],"name":"Find the React repo on GitHub's website","path":"web","timeCompleted":null,"timeStarted":1727999127250}]}},"maxIterations":"1","currentIteration":1,"currentTestIndex":1,"currentSegmentIndex":0,"label":"web 14","result":"failed","status":"completed","tests":[{"actions":[{"action":"org.getopentest.selenium.NavigateTo","actorType":"ACTOR1","args":{"url":"https://github.com/"},"isCheckpoint":false,"description":"Navigate to the GitHub homepage","durationMs":2388,"macroStack":[],"result":"passed","segment":1},{"action":"org.getopentest.selenium.SendKeys","actorType":"ACTOR1","args":{"text":"react","locator":{"css":"input[name='q']"},"sendEnter":true},"isCheckpoint":false,"description":"Enter \"react\" in the search box","durationMs":12085,"macroStack":[],"result":"failed","screenshot":"SID1727999124_ACTOR1_T01_SG01_ST02_error.png","segment":1,"stackTrace":"java.lang.RuntimeException: java.lang.RuntimeException: Failed sending keys to element By.cssSelector: input[name='q']\n\tat org.getopentest.base.TestActor.executeActionByClassName(TestActor.java:1670)\n\tat org.getopentest.base.TestActor.executeActionByDef(TestActor.java:1749)\n\tat org.getopentest.base.TestActor.executeTestSegment(TestActor.java:2092)\n\tat org.getopentest.base.TestActor.runOneSession(TestActor.java:3077)\n\tat org.getopentest.base.TestActor.runOneSession(TestActor.java:3113)\n\tat org.getopentest.Main.main(Main.java:20)\nCaused by: java.lang.RuntimeException: Failed sending keys to element By.cssSelector: input[name='q']\n\tat org.getopentest.selenium.SendKeys.run(SendKeys.java:45)\n\tat org.getopentest.base.TestActor.executeAction(TestActor.java:1571)\n\tat org.getopentest.base.TestActor.executeActionByClassName(TestActor.java:1647)\n\t... 5 more\nCaused by: org.openqa.selenium.TimeoutException: Expected condition failed: waiting for presence of element located by: By.cssSelector: input[name='q'] (tried for 10 second(s) with 500 milliseconds interval)\n\tat org.openqa.selenium.support.ui.WebDriverWait.timeoutException(WebDriverWait.java:95)\n\tat org.openqa.selenium.support.ui.FluentWait.until(FluentWait.java:272)\n\tat org.getopentest.selenium.core.SeleniumTestAction.getElement(SeleniumTestAction.java:58)\n\tat org.getopentest.selenium.core.SeleniumTestAction.getElement(SeleniumTestAction.java:50)\n\tat org.getopentest.selenium.SendKeys.run(SendKeys.java:25)\n\t... 7 more\nCaused by: org.openqa.selenium.NoSuchElementException: \nFor documentation on this error, please visit: https://www.seleniumhq.org/exceptions/no_such_element.html\nBuild info: version: '3.141.59', revision: 'e82be7d358', time: '2018-11-14T08:17:03'\nSystem info: host: 'MARIOs-MacBook-Air.local', ip: 'fe80:0:0:0:cd2:db9b:c46a:f57e%en0', os.name: 'Mac OS X', os.arch: 'x86_64', os.version: '12.7.6', java.version: '1.8.0_421'\nDriver info: org.openqa.selenium.safari.SafariDriver\nCapabilities {acceptInsecureCerts: false, browserName: Safari, browserVersion: 17.6, goog:chromeOptions: {args: [--start-maximized]}, javascriptEnabled: true, platform: MAC, platformName: MAC, safari:automaticInspection: false, safari:automaticProfiling: false, safari:diagnose: false, safari:platformBuildVersion: 21H1320, safari:platformVersion: 12.7.6, safari:useSimulator: false, setWindowRect: true, strictFileInteractability: false, webkit:WebRTC: {DisableICECandidateFiltering: false, DisableInsecureMediaCapture: false}}\nSession ID: 403480A5-EA65-4834-BD7F-F7F55E018361\n*** Element info: {Using=css selector, value=input[name='q']}\n\tat sun.reflect.GeneratedConstructorAccessor14.newInstance(Unknown Source)\n\tat sun.reflect.DelegatingConstructorAccessorImpl.newInstance(DelegatingConstructorAccessorImpl.java:45)\n\tat java.lang.reflect.Constructor.newInstance(Constructor.java:423)\n\tat org.openqa.selenium.remote.http.W3CHttpResponseCodec.createException(W3CHttpResponseCodec.java:187)\n\tat org.openqa.selenium.remote.http.W3CHttpResponseCodec.decode(W3CHttpResponseCodec.java:122)\n\tat org.openqa.selenium.remote.http.W3CHttpResponseCodec.decode(W3CHttpResponseCodec.java:49)\n\tat org.openqa.selenium.remote.HttpCommandExecutor.execute(HttpCommandExecutor.java:158)\n\tat org.openqa.selenium.remote.service.DriverCommandExecutor.execute(DriverCommandExecutor.java:83)\n\tat org.openqa.selenium.remote.RemoteWebDriver.execute(RemoteWebDriver.java:552)\n\tat org.openqa.selenium.remote.RemoteWebDriver.findElement(RemoteWebDriver.java:323)\n\tat org.openqa.selenium.remote.RemoteWebDriver.findElementByCssSelector(RemoteWebDriver.java:420)\n\tat org.openqa.selenium.By$ByCssSelector.findElement(By.java:431)\n\tat org.openqa.selenium.remote.RemoteWebDriver.findElement(RemoteWebDriver.java:315)\n\tat org.openqa.selenium.support.ui.ExpectedConditions$6.apply(ExpectedConditions.java:182)\n\tat org.openqa.selenium.support.ui.ExpectedConditions$6.apply(ExpectedConditions.java:179)\n\tat org.openqa.selenium.support.ui.FluentWait.until(FluentWait.java:249)\n\t... 10 more\n"}],"currentIteration":1,"currentSegmentIndex":0,"isDataDriven":false,"name":"Find the React repo on GitHub's website","path":"web","result":"failed","status":"completed","segments":[{"index":0,"result":"passed","status":"completed","timeStarted":1727999127250,"timeCompleted":1727999127272},{"index":1,"result":"failed","status":"completed","timeStarted":1727999127299,"timeCompleted":1727999141816}],"tags":[],"timeStarted":1727999127250,"timeCompleted":1727999141816}],"timeCreated":1727999124316,"timeStarted":1727999127250,"timeCompleted":1727999141816,"lastActivity":1727999141816,"_id":"ZG1YWK756jHN8zNc","actorTags":[],"environment":"","currentDataRecordIndex":-1}
{"id":1727987222,"actors":{"36487":{"id":36487,"lastSeenTime":1727987218611,"testSessionId":1727987222,"type":"ACTOR1","tags":[],"_id":"6AJbnKggyjY2JzRV","ip":"::ffff:127.0.0.1","tests":[{"currentSegmentIndex":1,"segments":[{"index":0,"status":"completed","timeStarted":1727987224147,"timeCompleted":1727987224180,"result":"passed"},{"index":1,"status":"completed","timeStarted":1727987224211,"timeCompleted":1727987224326,"result":"failed"}],"name":"Find the React repo on GitHub's website","path":"web","timeCompleted":null,"timeStarted":1727987224147}]}},"maxIterations":"1","currentIteration":1,"currentTestIndex":1,"currentSegmentIndex":0,"label":"web 4","result":"failed","status":"completed","tests":[{"actions":[{"action":"org.getopentest.selenium.NavigateTo","actorType":"ACTOR1","args":{"url":"https://github.com/"},"isCheckpoint":false,"description":"Navigate to the GitHub homepage","durationMs":55,"macroStack":[],"result":"failed","segment":1,"stackTrace":"java.lang.RuntimeException: java.lang.RuntimeException: Failed to find the Selenium driver executable for browser \"chrome\". File \"Macintosh HD/Users/mario/Desktop/PROYECTO/chromedriver/chromedriver.exec\" does not exist. You can provide the correct path to the driver in the test actor's configuration file.\n\tat org.getopentest.base.TestActor.executeActionByClassName(TestActor.java:1670)\n\tat org.getopentest.base.TestActor.executeActionByDef(TestActor.java:1749)\n\tat org.getopentest.base.TestActor.executeTestSegment(TestActor.java:2092)\n\tat org.getopentest.base.TestActor.runOneSession(TestActor.java:3077)\n\tat org.getopentest.base.TestActor.runOneSession(TestActor.java:3113)\n\tat org.getopentest.Main.main(Main.java:20)\nCaused by: java.lang.RuntimeException: Failed to find the Selenium driver executable for browser \"chrome\". File \"Macintosh HD/Users/mario/Desktop/PROYECTO/chromedriver/chromedriver.exec\" does not exist. You can provide the correct path to the driver in the test actor's configuration file.\n\tat org.getopentest.selenium.core.SeleniumHelper.setDriverExecutable(SeleniumHelper.java:306)\n\tat org.getopentest.selenium.core.SeleniumHelper.createDriver(SeleniumHelper.java:67)\n\tat org.getopentest.selenium.core.SeleniumHelper.getDriver(SeleniumHelper.java:237)\n\tat org.getopentest.selenium.core.SeleniumTestAction.initialize(SeleniumTestAction.java:203)\n\tat org.getopentest.base.TestActor.executeAction(TestActor.java:1553)\n\tat org.getopentest.base.TestActor.executeActionByClassName(TestActor.java:1647)\n\t... 5 more\n"}],"currentIteration":1,"currentSegmentIndex":0,"isDataDriven":false,"name":"Find the React repo on GitHub's website","path":"web","result":"failed","status":"completed","segments":[{"index":0,"result":"passed","status":"completed","timeStarted":1727987224147,"timeCompleted":1727987224180},{"index":1,"result":"failed","status":"completed","timeStarted":1727987224211,"timeCompleted":1727987224327}],"tags":[],"timeStarted":1727987224147,"timeCompleted":1727987224327}],"timeCreated":1727987221680,"timeStarted":1727987224147,"timeCompleted":1727987224327,"lastActivity":1727987224326,"_id":"c6Zi7j6cBRlz2JCf","actorTags":[],"environment":"","currentDataRecordIndex":-1}
{"id":1727999198,"actors":{"52391":{"id":52391,"lastSeenTime":1727999196582,"testSessionId":1727999198,"type":"ACTOR1","tags":[],"_id":"ApfZSQnP4Y4g5z2S","ip":"::ffff:127.0.0.1","tests":[{"currentSegmentIndex":1,"segments":[{"index":0,"status":"completed","timeStarted":1727999205973,"timeCompleted":1727999206013,"result":"passed"},{"index":1,"status":"completed","timeStarted":1727999206071,"timeCompleted":1727999209090,"result":"passed"}],"name":"Verify GitHub repos have non-empty wiki","path":"web","timeCompleted":null,"timeStarted":null}]}},"maxIterations":"1","currentIteration":1,"currentTestIndex":1,"currentSegmentIndex":0,"label":"webos","result":"passed","status":"completed","tests":[{"actions":[{"action":"org.getopentest.selenium.NavigateTo","actorType":"ACTOR1","args":{"url":"https://github.com/tesseract-ocr/tesseract/wiki"},"isCheckpoint":false,"description":"Navigate to the wiki page","durationMs":2227,"macroStack":["github.AssertRepoHasNonEmptyWiki"],"result":"passed","segment":1},{"action":"org.getopentest.selenium.AssertElementNotVisible","actorType":"ACTOR1","args":{"locator":{"xpath":"//a[contains(text(), 'Create the first page')]"}},"isCheckpoint":false,"description":"Verify there is no button that says \"Create the first page\"","durationMs":406,"macroStack":["github.AssertRepoHasNonEmptyWiki"],"result":"passed","segment":1},{"action":"org.getopentest.selenium.ReadCurrentUrl","actorType":"ACTOR1","args":{"d$localData":{"wikiPageUrl":"$output.url"}},"isCheckpoint":false,"description":"Read the URL of the current page","durationMs":26,"macroStack":["github.AssertRepoHasNonEmptyWiki"],"result":"passed","segment":1},{"action":"org.getopentest.base.ScriptAction","actorType":"ACTOR1","args":{},"isCheckpoint":false,"description":"Verify that we are at the wiki URL","durationMs":44,"macroStack":["github.AssertRepoHasNonEmptyWiki"],"result":"passed","segment":1},{"action":"org.getopentest.selenium.AssertElementNotVisible","actorType":"ACTOR1","args":{"locator":{"xpath":"//a[contains(text(), 'Create the first page')]"}},"isCheckpoint":false,"description":"Verify there is no button that says \"Create the first page\"","durationMs":232,"macroStack":["github.AssertRepoHasNonEmptyWiki"],"result":"passed","segment":1},{"action":"org.getopentest.base.MacroAction","actorType":"ACTOR1","args":{"repo":"tesseract-ocr/tesseract"},"isCheckpoint":false,"description":"github.AssertRepoHasNonEmptyWiki","durationMs":2984,"macro":"github.AssertRepoHasNonEmptyWiki","macroStack":[],"result":"passed","segment":1}],"currentIteration":1,"currentSegmentIndex":1,"isDataDriven":true,"name":"Verify GitHub repos have non-empty wiki","path":"web","result":"passed","status":"completed","segments":[{"index":0,"result":"passed","status":"completed","timeStarted":1727999201916,"timeCompleted":1727999206013},{"index":1,"result":"passed","status":"completed","timeStarted":1727999201989,"timeCompleted":1727999209090}],"tags":[],"currentDataRecordIndex":1,"timeStarted":1727999205973,"dataRecordCount":2,"subtests":[{"actions":[{"action":"org.getopentest.selenium.NavigateTo","actorType":"ACTOR1","args":{"url":"https://github.com/facebook/react/wiki"},"isCheckpoint":false,"description":"Navigate to the wiki page","durationMs":2413,"macroStack":["github.AssertRepoHasNonEmptyWiki"],"result":"passed","segment":1},{"action":"org.getopentest.selenium.AssertElementNotVisible","actorType":"ACTOR1","args":{"locator":{"xpath":"//a[contains(text(), 'Create the first page')]"}},"isCheckpoint":false,"description":"Verify there is no button that says \"Create the first page\"","durationMs":398,"macroStack":["github.AssertRepoHasNonEmptyWiki"],"result":"passed","segment":1},{"action":"org.getopentest.selenium.ReadCurrentUrl","actorType":"ACTOR1","args":{"d$localData":{"wikiPageUrl":"$output.url"}},"isCheckpoint":false,"description":"Read the URL of the current page","durationMs":27,"macroStack":["github.AssertRepoHasNonEmptyWiki"],"result":"passed","segment":1},{"action":"org.getopentest.base.ScriptAction","actorType":"ACTOR1","args":{},"isCheckpoint":false,"description":"Verify that we are at the wiki URL","durationMs":27,"macroStack":["github.AssertRepoHasNonEmptyWiki"],"result":"passed","segment":1},{"action":"org.getopentest.selenium.AssertElementNotVisible","actorType":"ACTOR1","args":{"locator":{"xpath":"//a[contains(text(), 'Create the first page')]"}},"isCheckpoint":false,"description":"Verify there is no button that says \"Create the first page\"","durationMs":203,"macroStack":["github.AssertRepoHasNonEmptyWiki"],"result":"passed","segment":1},{"action":"org.getopentest.base.MacroAction","actorType":"ACTOR1","args":{"repo":"facebook/react"},"isCheckpoint":false,"description":"github.AssertRepoHasNonEmptyWiki","durationMs":3210,"macro":"github.AssertRepoHasNonEmptyWiki","macroStack":[],"result":"passed","segment":1}],"currentIteration":1,"result":"passed","status":"completed","segments":[{"index":0,"result":"passed","status":"completed","timeStarted":1727999201916,"timeCompleted":1727999201943},{"index":1,"result":"passed","status":"completed","timeStarted":1727999201989,"timeCompleted":1727999205256}],"currentDataRecordIndex":0,"timeStarted":1727999201916,"timeCompleted":1727999205256},{"actions":[{"action":"org.getopentest.selenium.NavigateTo","actorType":"ACTOR1","args":{"url":"https://github.com/tesseract-ocr/tesseract/wiki"},"isCheckpoint":false,"description":"Navigate to the wiki page","durationMs":2227,"macroStack":["github.AssertRepoHasNonEmptyWiki"],"result":"passed","segment":1},{"action":"org.getopentest.selenium.AssertElementNotVisible","actorType":"ACTOR1","args":{"locator":{"xpath":"//a[contains(text(), 'Create the first page')]"}},"isCheckpoint":false,"description":"Verify there is no button that says \"Create the first page\"","durationMs":406,"macroStack":["github.AssertRepoHasNonEmptyWiki"],"result":"passed","segment":1},{"action":"org.getopentest.selenium.ReadCurrentUrl","actorType":"ACTOR1","args":{"d$localData":{"wikiPageUrl":"$output.url"}},"isCheckpoint":false,"description":"Read the URL of the current page","durationMs":26,"macroStack":["github.AssertRepoHasNonEmptyWiki"],"result":"passed","segment":1},{"action":"org.getopentest.base.ScriptAction","actorType":"ACTOR1","args":{},"isCheckpoint":false,"description":"Verify that we are at the wiki URL","durationMs":44,"macroStack":["github.AssertRepoHasNonEmptyWiki"],"result":"passed","segment":1},{"action":"org.getopentest.selenium.AssertElementNotVisible","actorType":"ACTOR1","args":{"locator":{"xpath":"//a[contains(text(), 'Create the first page')]"}},"isCheckpoint":false,"description":"Verify there is no button that says \"Create the first page\"","durationMs":232,"macroStack":["github.AssertRepoHasNonEmptyWiki"],"result":"passed","segment":1},{"action":"org.getopentest.base.MacroAction","actorType":"ACTOR1","args":{"repo":"tesseract-ocr/tesseract"},"isCheckpoint":false,"description":"github.AssertRepoHasNonEmptyWiki","durationMs":2984,"macro":"github.AssertRepoHasNonEmptyWiki","macroStack":[],"result":"passed","segment":1}],"currentIteration":1,"result":"passed","status":"completed","segments":[{"index":0,"result":"passed","status":"completed","timeStarted":1727999201916,"timeCompleted":1727999206013},{"index":1,"result":"passed","status":"completed","timeStarted":1727999201989,"timeCompleted":1727999209090}],"checkpointFailed":false,"currentDataRecordIndex":1,"timeStarted":1727999205973,"timeCompleted":1727999209090}],"checkpointFailed":false,"timeCompleted":1727999209090}],"timeCreated":1727999198385,"timeStarted":1727999201916,"timeCompleted":1727999209090,"lastActivity":1727999209089,"_id":"eSB2gGN1hqUvKV4y","actorTags":[],"environment":"","currentDataRecordIndex":-1}
{"id":1727987374,"actors":{"32799":{"id":32799,"lastSeenTime":1727987369773,"testSessionId":1727987374,"type":"ACTOR1","tags":[],"_id":"RcC6FDosvuxLN9Vw","ip":"::ffff:127.0.0.1","tests":[{"currentSegmentIndex":1,"segments":[{"index":0,"status":"completed","timeStarted":1727987375202,"timeCompleted":1727987375256,"result":"passed"},{"index":1,"status":"completed","timeStarted":1727987375306,"timeCompleted":1727987375454,"result":"failed"}],"name":"Find the React repo on GitHub's website","path":"web","timeCompleted":null,"timeStarted":1727987375202}]}},"maxIterations":"1","currentIteration":1,"currentTestIndex":1,"currentSegmentIndex":0,"label":"web 6","result":"failed","status":"completed","tests":[{"actions":[{"action":"org.getopentest.selenium.NavigateTo","actorType":"ACTOR1","args":{"url":"https://github.com/"},"isCheckpoint":false,"description":"Navigate to the GitHub homepage","durationMs":76,"macroStack":[],"result":"failed","segment":1,"stackTrace":"java.lang.RuntimeException: java.lang.RuntimeException: Failed to find the Selenium driver executable for browser \"chrome\". File \"Macintosh HD/Users/mario/Desktop/PROYECTO/chromedriver/chromedriver.exe\" does not exist. You can provide the correct path to the driver in the test actor's configuration file.\n\tat org.getopentest.base.TestActor.executeActionByClassName(TestActor.java:1670)\n\tat org.getopentest.base.TestActor.executeActionByDef(TestActor.java:1749)\n\tat org.getopentest.base.TestActor.executeTestSegment(TestActor.java:2092)\n\tat org.getopentest.base.TestActor.runOneSession(TestActor.java:3077)\n\tat org.getopentest.base.TestActor.runOneSession(TestActor.java:3113)\n\tat org.getopentest.Main.main(Main.java:20)\nCaused by: java.lang.RuntimeException: Failed to find the Selenium driver executable for browser \"chrome\". File \"Macintosh HD/Users/mario/Desktop/PROYECTO/chromedriver/chromedriver.exe\" does not exist. You can provide the correct path to the driver in the test actor's configuration file.\n\tat org.getopentest.selenium.core.SeleniumHelper.setDriverExecutable(SeleniumHelper.java:306)\n\tat org.getopentest.selenium.core.SeleniumHelper.createDriver(SeleniumHelper.java:67)\n\tat org.getopentest.selenium.core.SeleniumHelper.getDriver(SeleniumHelper.java:237)\n\tat org.getopentest.selenium.core.SeleniumTestAction.initialize(SeleniumTestAction.java:203)\n\tat org.getopentest.base.TestActor.executeAction(TestActor.java:1553)\n\tat org.getopentest.base.TestActor.executeActionByClassName(TestActor.java:1647)\n\t... 5 more\n"}],"currentIteration":1,"currentSegmentIndex":0,"isDataDriven":false,"name":"Find the React repo on GitHub's website","path":"web","result":"failed","status":"completed","segments":[{"index":0,"result":"passed","status":"completed","timeStarted":1727987375202,"timeCompleted":1727987375256},{"index":1,"result":"failed","status":"completed","timeStarted":1727987375306,"timeCompleted":1727987375454}],"tags":[],"timeStarted":1727987375202,"timeCompleted":1727987375454}],"timeCreated":1727987373887,"timeStarted":1727987375202,"timeCompleted":1727987375455,"lastActivity":1727987375453,"_id":"g5bRcgBruBK2E4bU","actorTags":[],"environment":"","currentDataRecordIndex":-1}
{"id":1727986403,"actors":{"47543":{"id":47543,"lastSeenTime":1727986398033,"testSessionId":1727986403,"type":"ACTOR1","tags":[],"_id":"rwfLPqFpiywq2lPv","ip":"::ffff:127.0.0.1","tests":[{"currentSegmentIndex":1,"segments":[{"index":0,"status":"completed","timeStarted":1727986403617,"timeCompleted":1727986403636,"result":"passed"},{"index":1,"status":"completed","timeStarted":1727986403659,"timeCompleted":1727986403690,"result":"failed"}],"name":"Find the React repo on GitHub's website","path":"web","timeCompleted":null,"timeStarted":1727986403617}]}},"maxIterations":"1","currentIteration":1,"currentTestIndex":1,"currentSegmentIndex":0,"label":"web 3","result":"failed","status":"completed","tests":[{"actions":[{"action":"org.getopentest.selenium.NavigateTo","actorType":"ACTOR1","args":{"url":"https://github.com/"},"isCheckpoint":false,"description":"Navigate to the GitHub homepage","durationMs":6,"macroStack":[],"result":"failed","segment":1,"stackTrace":"java.lang.RuntimeException: java.lang.RuntimeException: Failed to find the Selenium driver executable for browser \"chrome\". File \"/Users/mario/Desktop/PROYECTO/chromedriver/chromedriver.exe\" does not exist. You can provide the correct path to the driver in the test actor's configuration file.\n\tat org.getopentest.base.TestActor.executeActionByClassName(TestActor.java:1670)\n\tat org.getopentest.base.TestActor.executeActionByDef(TestActor.java:1749)\n\tat org.getopentest.base.TestActor.executeTestSegment(TestActor.java:2092)\n\tat org.getopentest.base.TestActor.runOneSession(TestActor.java:3077)\n\tat org.getopentest.base.TestActor.runOneSession(TestActor.java:3113)\n\tat org.getopentest.Main.main(Main.java:20)\nCaused by: java.lang.RuntimeException: Failed to find the Selenium driver executable for browser \"chrome\". File \"/Users/mario/Desktop/PROYECTO/chromedriver/chromedriver.exe\" does not exist. You can provide the correct path to the driver in the test actor's configuration file.\n\tat org.getopentest.selenium.core.SeleniumHelper.setDriverExecutable(SeleniumHelper.java:306)\n\tat org.getopentest.selenium.core.SeleniumHelper.createDriver(SeleniumHelper.java:67)\n\tat org.getopentest.selenium.core.SeleniumHelper.getDriver(SeleniumHelper.java:237)\n\tat org.getopentest.selenium.core.SeleniumTestAction.initialize(SeleniumTestAction.java:203)\n\tat org.getopentest.base.TestActor.executeAction(TestActor.java:1553)\n\tat org.getopentest.base.TestActor.executeActionByClassName(TestActor.java:1647)\n\t... 5 more\n"}],"currentIteration":1,"currentSegmentIndex":0,"isDataDriven":false,"name":"Find the React repo on GitHub's website","path":"web","result":"failed","status":"completed","segments":[{"index":0,"result":"passed","status":"completed","timeStarted":1727986403617,"timeCompleted":1727986403636},{"index":1,"result":"failed","status":"completed","timeStarted":1727986403659,"timeCompleted":1727986403690}],"tags":[],"timeStarted":1727986403617,"timeCompleted":1727986403690}],"timeCreated":1727986402721,"timeStarted":1727986403617,"timeCompleted":1727986403690,"lastActivity":1727986403688,"_id":"kINm0TJWpdYL03lF","actorTags":[],"environment":"","currentDataRecordIndex":-1}
{"id":1727989163,"actors":{"12165":{"id":12165,"lastSeenTime":1727989159575,"testSessionId":1727989163,"type":"ACTOR1","tags":[],"_id":"9jwKPLunSvFj3fzz","ip":"::ffff:127.0.0.1","tests":[{"currentSegmentIndex":1,"segments":[{"index":0,"status":"completed","timeStarted":1727989165300,"timeCompleted":1727989165316,"result":"passed"},{"index":1,"status":"completed","timeStarted":1727989165359,"timeCompleted":1727989165391,"result":"failed"}],"name":"Find the React repo on GitHub's website","path":"web","timeCompleted":null,"timeStarted":1727989165300}]}},"maxIterations":"1","currentIteration":1,"currentTestIndex":1,"currentSegmentIndex":0,"label":"web 10","result":"failed","status":"completed","tests":[{"actions":[{"action":"org.getopentest.selenium.NavigateTo","actorType":"ACTOR1","args":{"url":"https://github.com/"},"isCheckpoint":false,"description":"Navigate to the GitHub homepage","durationMs":1,"macroStack":[],"result":"failed","segment":1,"stackTrace":"java.lang.RuntimeException: java.lang.RuntimeException: Failed to find the Selenium driver executable for browser \"chrome\". File \"Macintosh HD\\Users\\mario\\Desktop\\PROYECTO\\chromedriver\\chromedriver.exec\" does not exist. You can provide the correct path to the driver in the test actor's configuration file.\n\tat org.getopentest.base.TestActor.executeActionByClassName(TestActor.java:1670)\n\tat org.getopentest.base.TestActor.executeActionByDef(TestActor.java:1749)\n\tat org.getopentest.base.TestActor.executeTestSegment(TestActor.java:2092)\n\tat org.getopentest.base.TestActor.runOneSession(TestActor.java:3077)\n\tat org.getopentest.base.TestActor.runOneSession(TestActor.java:3113)\n\tat org.getopentest.Main.main(Main.java:20)\nCaused by: java.lang.RuntimeException: Failed to find the Selenium driver executable for browser \"chrome\". File \"Macintosh HD\\Users\\mario\\Desktop\\PROYECTO\\chromedriver\\chromedriver.exec\" does not exist. You can provide the correct path to the driver in the test actor's configuration file.\n\tat org.getopentest.selenium.core.SeleniumHelper.setDriverExecutable(SeleniumHelper.java:306)\n\tat org.getopentest.selenium.core.SeleniumHelper.createDriver(SeleniumHelper.java:67)\n\tat org.getopentest.selenium.core.SeleniumHelper.getDriver(SeleniumHelper.java:237)\n\tat org.getopentest.selenium.core.SeleniumTestAction.initialize(SeleniumTestAction.java:203)\n\tat org.getopentest.base.TestActor.executeAction(TestActor.java:1553)\n\tat org.getopentest.base.TestActor.executeActionByClassName(TestActor.java:1647)\n\t... 5 more\n"}],"currentIteration":1,"currentSegmentIndex":0,"isDataDriven":false,"name":"Find the React repo on GitHub's website","path":"web","result":"failed","status":"completed","segments":[{"index":0,"result":"passed","status":"completed","timeStarted":1727989165300,"timeCompleted":1727989165316},{"index":1,"result":"failed","status":"completed","timeStarted":1727989165359,"timeCompleted":1727989165391}],"tags":[],"timeStarted":1727989165300,"timeCompleted":1727989165391}],"timeCreated":1727989163202,"timeStarted":1727989165300,"timeCompleted":1727989165391,"lastActivity":1727989165383,"_id":"lWzBZPj1wYfDJVfc","actorTags":[],"environment":"","currentDataRecordIndex":-1}
{"id":1727968214,"actors":{"47543":{"id":47543,"lastSeenTime":1727968210879,"testSessionId":1727968214,"type":"ACTOR1","tags":[],"_id":"rnsmcXn4j4DRFcX3","ip":"::ffff:127.0.0.1","tests":[{"currentSegmentIndex":1,"segments":[{"index":0,"status":"completed","timeStarted":1727968216365,"timeCompleted":1727968216386,"result":"passed"},{"index":1,"status":"completed","timeStarted":1727968216411,"timeCompleted":1727968217461,"result":"passed"}],"name":"GitHub API test","path":"api","timeCompleted":null,"timeStarted":1727968216365}]}},"maxIterations":"1","currentIteration":1,"currentTestIndex":1,"currentSegmentIndex":0,"label":"test","result":"passed","status":"completed","tests":[{"actions":[{"action":"org.getopentest.actions.HttpRequest","actorType":"ACTOR1","args":{"verb":"GET","d$localData":{"branches":"$output.body;"},"url":"https://api.github.com/repos/facebook/react/branches"},"isCheckpoint":false,"description":"Call the GET /repos/:owner/:repo/branches API","durationMs":831,"macroStack":[],"result":"passed","segment":1},{"action":"org.getopentest.base.ScriptAction","actorType":"ACTOR1","args":{},"isCheckpoint":false,"description":"Verify that the branches array was returned and is not empty","durationMs":145,"macroStack":[],"result":"passed","segment":1}],"currentIteration":1,"currentSegmentIndex":0,"isDataDriven":false,"name":"GitHub API test","path":"api","result":"passed","status":"completed","segments":[{"index":0,"result":"passed","status":"completed","timeStarted":1727968216365,"timeCompleted":1727968216386},{"index":1,"result":"passed","status":"completed","timeStarted":1727968216411,"timeCompleted":1727968217461}],"tags":[],"timeStarted":1727968216365,"timeCompleted":1727968217461}],"timeCreated":1727968214284,"timeStarted":1727968216365,"timeCompleted":1727968217461,"lastActivity":1727968217460,"_id":"li7kKoJRSmehBJ6c","actorTags":[],"environment":"","currentDataRecordIndex":-1}
{"id":1727986297,"actors":{"47543":{"id":47543,"lastSeenTime":1727986292825,"testSessionId":1727986297,"type":"ACTOR1","tags":[],"_id":"rwfLPqFpiywq2lPv","ip":"::ffff:127.0.0.1","tests":[{"currentSegmentIndex":1,"segments":[{"index":0,"status":"completed","timeStarted":1727986298608,"timeCompleted":1727986298630,"result":"passed"},{"index":1,"status":"completed","timeStarted":1727986298653,"timeCompleted":1727986298689,"result":"failed"}],"name":"Find the React repo on GitHub's website","path":"web","timeCompleted":null,"timeStarted":1727986298608}]}},"maxIterations":"1","currentIteration":1,"currentTestIndex":1,"currentSegmentIndex":0,"label":"web","result":"failed","status":"completed","tests":[{"actions":[{"action":"org.getopentest.selenium.NavigateTo","actorType":"ACTOR1","args":{"url":"https://github.com/"},"isCheckpoint":false,"description":"Navigate to the GitHub homepage","durationMs":4,"macroStack":[],"result":"failed","segment":1,"stackTrace":"java.lang.RuntimeException: java.lang.RuntimeException: Failed to find the Selenium driver executable for browser \"chrome\". File \"/Users/mario/Desktop/PROYECTO/chromedriver/chromedriver.exe\" does not exist. You can provide the correct path to the driver in the test actor's configuration file.\n\tat org.getopentest.base.TestActor.executeActionByClassName(TestActor.java:1670)\n\tat org.getopentest.base.TestActor.executeActionByDef(TestActor.java:1749)\n\tat org.getopentest.base.TestActor.executeTestSegment(TestActor.java:2092)\n\tat org.getopentest.base.TestActor.runOneSession(TestActor.java:3077)\n\tat org.getopentest.base.TestActor.runOneSession(TestActor.java:3113)\n\tat org.getopentest.Main.main(Main.java:20)\nCaused by: java.lang.RuntimeException: Failed to find the Selenium driver executable for browser \"chrome\". File \"/Users/mario/Desktop/PROYECTO/chromedriver/chromedriver.exe\" does not exist. You can provide the correct path to the driver in the test actor's configuration file.\n\tat org.getopentest.selenium.core.SeleniumHelper.setDriverExecutable(SeleniumHelper.java:306)\n\tat org.getopentest.selenium.core.SeleniumHelper.createDriver(SeleniumHelper.java:67)\n\tat org.getopentest.selenium.core.SeleniumHelper.getDriver(SeleniumHelper.java:237)\n\tat org.getopentest.selenium.core.SeleniumTestAction.initialize(SeleniumTestAction.java:203)\n\tat org.getopentest.base.TestActor.executeAction(TestActor.java:1553)\n\tat org.getopentest.base.TestActor.executeActionByClassName(TestActor.java:1647)\n\t... 5 more\n"}],"currentIteration":1,"currentSegmentIndex":0,"isDataDriven":false,"name":"Find the React repo on GitHub's website","path":"web","result":"failed","status":"completed","segments":[{"index":0,"result":"passed","status":"completed","timeStarted":1727986298608,"timeCompleted":1727986298630},{"index":1,"result":"failed","status":"completed","timeStarted":1727986298653,"timeCompleted":1727986298689}],"tags":[],"timeStarted":1727986298608,"timeCompleted":1727986298689}],"timeCreated":1727986297054,"timeStarted":1727986298608,"timeCompleted":1727986298689,"lastActivity":1727986298685,"_id":"nSR7sOf3u9UU31nc","actorTags":[],"environment":"","currentDataRecordIndex":-1}
{"id":1727987266,"actors":{"36487":{"id":36487,"lastSeenTime":1727987263730,"testSessionId":1727987266,"type":"ACTOR1","tags":[],"_id":"6AJbnKggyjY2JzRV","ip":"::ffff:127.0.0.1","tests":[{"currentSegmentIndex":1,"segments":[{"index":0,"status":"completed","timeStarted":1727987269127,"timeCompleted":1727987269160,"result":"passed"},{"index":1,"status":"completed","timeStarted":1727987269200,"timeCompleted":1727987269236,"result":"failed"}],"name":"Find the React repo on GitHub's website","path":"web","timeCompleted":null,"timeStarted":1727987269127}]}},"maxIterations":"1","currentIteration":1,"currentTestIndex":1,"currentSegmentIndex":0,"label":"web 5","result":"failed","status":"completed","tests":[{"actions":[{"action":"org.getopentest.selenium.NavigateTo","actorType":"ACTOR1","args":{"url":"https://github.com/"},"isCheckpoint":false,"description":"Navigate to the GitHub homepage","durationMs":4,"macroStack":[],"result":"failed","segment":1,"stackTrace":"java.lang.RuntimeException: java.lang.RuntimeException: Failed to find the Selenium driver executable for browser \"chrome\". File \"Macintosh HD/Users/mario/Desktop/PROYECTO/chromedriver/chromedriver.exec\" does not exist. You can provide the correct path to the driver in the test actor's configuration file.\n\tat org.getopentest.base.TestActor.executeActionByClassName(TestActor.java:1670)\n\tat org.getopentest.base.TestActor.executeActionByDef(TestActor.java:1749)\n\tat org.getopentest.base.TestActor.executeTestSegment(TestActor.java:2092)\n\tat org.getopentest.base.TestActor.runOneSession(TestActor.java:3077)\n\tat org.getopentest.base.TestActor.runOneSession(TestActor.java:3113)\n\tat org.getopentest.Main.main(Main.java:20)\nCaused by: java.lang.RuntimeException: Failed to find the Selenium driver executable for browser \"chrome\". File \"Macintosh HD/Users/mario/Desktop/PROYECTO/chromedriver/chromedriver.exec\" does not exist. You can provide the correct path to the driver in the test actor's configuration file.\n\tat org.getopentest.selenium.core.SeleniumHelper.setDriverExecutable(SeleniumHelper.java:306)\n\tat org.getopentest.selenium.core.SeleniumHelper.createDriver(SeleniumHelper.java:67)\n\tat org.getopentest.selenium.core.SeleniumHelper.getDriver(SeleniumHelper.java:237)\n\tat org.getopentest.selenium.core.SeleniumTestAction.initialize(SeleniumTestAction.java:203)\n\tat org.getopentest.base.TestActor.executeAction(TestActor.java:1553)\n\tat org.getopentest.base.TestActor.executeActionByClassName(TestActor.java:1647)\n\t... 5 more\n"}],"currentIteration":1,"currentSegmentIndex":0,"isDataDriven":false,"name":"Find the React repo on GitHub's website","path":"web","result":"failed","status":"completed","segments":[{"index":0,"result":"passed","status":"completed","timeStarted":1727987269127,"timeCompleted":1727987269160},{"index":1,"result":"failed","status":"completed","timeStarted":1727987269200,"timeCompleted":1727987269236}],"tags":[],"timeStarted":1727987269127,"timeCompleted":1727987269236}],"timeCreated":1727987266166,"timeStarted":1727987269127,"timeCompleted":1727987269236,"lastActivity":1727987269236,"_id":"qSqXoxLxuDwe2XgZ","actorTags":[],"environment":"","currentDataRecordIndex":-1}
{"id":1727997125,"actors":{"5664":{"id":5664,"lastSeenTime":1727997124365,"testSessionId":1727997125,"type":"ACTOR1","tags":[],"_id":"uKYgnk7uP8xAKbam","ip":"::ffff:127.0.0.1","tests":[{"currentSegmentIndex":1,"segments":[{"index":0,"status":"completed","timeStarted":1727997129878,"timeCompleted":1727997129917,"result":"passed"},{"index":1,"status":"completed","timeStarted":1727997129966,"timeCompleted":1727997129999,"result":"failed"}],"name":"Find the React repo on GitHub's website","path":"web","timeCompleted":null,"timeStarted":1727997129878}]}},"maxIterations":"1","currentIteration":1,"currentTestIndex":1,"currentSegmentIndex":0,"label":"web 12","result":"failed","status":"completed","tests":[{"actions":[{"action":"org.getopentest.selenium.NavigateTo","actorType":"ACTOR1","args":{"url":"https://github.com/"},"isCheckpoint":false,"description":"Navigate to the GitHub homepage","durationMs":1,"macroStack":[],"result":"failed","segment":1,"stackTrace":"java.lang.RuntimeException: java.lang.RuntimeException: Failed to find the Selenium driver executable for browser \"chrome\". File \"\\Users\\mario\\Desktop\\PROYECTO\\chromedriver\\chromedriver\" does not exist. You can provide the correct path to the driver in the test actor's configuration file.\n\tat org.getopentest.base.TestActor.executeActionByClassName(TestActor.java:1670)\n\tat org.getopentest.base.TestActor.executeActionByDef(TestActor.java:1749)\n\tat org.getopentest.base.TestActor.executeTestSegment(TestActor.java:2092)\n\tat org.getopentest.base.TestActor.runOneSession(TestActor.java:3077)\n\tat org.getopentest.base.TestActor.runOneSession(TestActor.java:3113)\n\tat org.getopentest.Main.main(Main.java:20)\nCaused by: java.lang.RuntimeException: Failed to find the Selenium driver executable for browser \"chrome\". File \"\\Users\\mario\\Desktop\\PROYECTO\\chromedriver\\chromedriver\" does not exist. You can provide the correct path to the driver in the test actor's configuration file.\n\tat org.getopentest.selenium.core.SeleniumHelper.setDriverExecutable(SeleniumHelper.java:306)\n\tat org.getopentest.selenium.core.SeleniumHelper.createDriver(SeleniumHelper.java:67)\n\tat org.getopentest.selenium.core.SeleniumHelper.getDriver(SeleniumHelper.java:237)\n\tat org.getopentest.selenium.core.SeleniumTestAction.initialize(SeleniumTestAction.java:203)\n\tat org.getopentest.base.TestActor.executeAction(TestActor.java:1553)\n\tat org.getopentest.base.TestActor.executeActionByClassName(TestActor.java:1647)\n\t... 5 more\n"}],"currentIteration":1,"currentSegmentIndex":0,"isDataDriven":false,"name":"Find the React repo on GitHub's website","path":"web","result":"failed","status":"completed","segments":[{"index":0,"result":"passed","status":"completed","timeStarted":1727997129878,"timeCompleted":1727997129917},{"index":1,"result":"failed","status":"completed","timeStarted":1727997129966,"timeCompleted":1727997129999}],"tags":[],"timeStarted":1727997129878,"timeCompleted":1727997129999}],"timeCreated":1727997125053,"timeStarted":1727997129878,"timeCompleted":1727997129999,"lastActivity":1727997129996,"_id":"rM0wmQglaa7iS5Xe","actorTags":[],"environment":"","currentDataRecordIndex":-1}
